{"E:\\Development\\criptomo\\criptomo\\js\\calculator-common.js": {"path":"E:\\Development\\criptomo\\criptomo\\js\\calculator-common.js","statementMap":{"0":{"start":{"line":2,"column":17},"end":{"line":2,"column":71}},"1":{"start":{"line":3,"column":2},"end":{"line":3,"column":55}},"2":{"start":{"line":4,"column":2},"end":{"line":4,"column":59}},"3":{"start":{"line":8,"column":17},"end":{"line":8,"column":94}},"4":{"start":{"line":9,"column":24},"end":{"line":9,"column":72}},"5":{"start":{"line":10,"column":28},"end":{"line":10,"column":79}},"6":{"start":{"line":12,"column":2},"end":{"line":20,"column":3}},"7":{"start":{"line":13,"column":4},"end":{"line":13,"column":51}},"8":{"start":{"line":14,"column":4},"end":{"line":14,"column":49}},"9":{"start":{"line":15,"column":4},"end":{"line":15,"column":69}},"10":{"start":{"line":17,"column":4},"end":{"line":17,"column":43}},"11":{"start":{"line":18,"column":4},"end":{"line":18,"column":31}},"12":{"start":{"line":19,"column":4},"end":{"line":19,"column":47}},"13":{"start":{"line":24,"column":23},"end":{"line":24,"column":65}},"14":{"start":{"line":25,"column":2},"end":{"line":27,"column":3}},"15":{"start":{"line":26,"column":4},"end":{"line":26,"column":74}},"16":{"start":{"line":33,"column":2},"end":{"line":44,"column":3}},"17":{"start":{"line":34,"column":4},"end":{"line":34,"column":82}},"18":{"start":{"line":35,"column":4},"end":{"line":35,"column":66}},"19":{"start":{"line":37,"column":4},"end":{"line":37,"column":72}},"20":{"start":{"line":38,"column":4},"end":{"line":38,"column":66}},"21":{"start":{"line":39,"column":4},"end":{"line":43,"column":5}},"22":{"start":{"line":40,"column":26},"end":{"line":40,"column":36}},"23":{"start":{"line":41,"column":6},"end":{"line":41,"column":57}},"24":{"start":{"line":42,"column":6},"end":{"line":42,"column":101}},"25":{"start":{"line":45,"column":2},"end":{"line":45,"column":71}},"26":{"start":{"line":51,"column":12},"end":{"line":51,"column":88}},"27":{"start":{"line":52,"column":16},"end":{"line":52,"column":18}},"28":{"start":{"line":53,"column":2},"end":{"line":55,"column":3}},"29":{"start":{"line":54,"column":4},"end":{"line":54,"column":24}},"30":{"start":{"line":56,"column":19},"end":{"line":56,"column":57}},"31":{"start":{"line":57,"column":2},"end":{"line":57,"column":44}},"32":{"start":{"line":58,"column":2},"end":{"line":60,"column":3}},"33":{"start":{"line":59,"column":4},"end":{"line":59,"column":31}},"34":{"start":{"line":63,"column":0},"end":{"line":63,"column":23}},"35":{"start":{"line":65,"column":0},"end":{"line":73,"column":1}},"36":{"start":{"line":66,"column":2},"end":{"line":72,"column":4}}},"fnMap":{"0":{"name":"syncEditableCoinInput","decl":{"start":{"line":1,"column":9},"end":{"line":1,"column":30}},"loc":{"start":{"line":1,"column":33},"end":{"line":5,"column":1}},"line":1},"1":{"name":"handleInvestCurrencyChange","decl":{"start":{"line":7,"column":9},"end":{"line":7,"column":35}},"loc":{"start":{"line":7,"column":38},"end":{"line":21,"column":1}},"line":7},"2":{"name":"initCalculatorCommon","decl":{"start":{"line":23,"column":9},"end":{"line":23,"column":29}},"loc":{"start":{"line":23,"column":32},"end":{"line":28,"column":1}},"line":23},"3":{"name":"handleError","decl":{"start":{"line":32,"column":9},"end":{"line":32,"column":20}},"loc":{"start":{"line":32,"column":27},"end":{"line":47,"column":1}},"line":32},"4":{"name":"updateInputMinDate","decl":{"start":{"line":50,"column":9},"end":{"line":50,"column":27}},"loc":{"start":{"line":50,"column":30},"end":{"line":61,"column":1}},"line":50}},"branchMap":{"0":{"loc":{"start":{"line":12,"column":2},"end":{"line":20,"column":3}},"type":"if","locations":[{"start":{"line":12,"column":2},"end":{"line":20,"column":3}},{"start":{"line":16,"column":9},"end":{"line":20,"column":3}}],"line":12},"1":{"loc":{"start":{"line":25,"column":2},"end":{"line":27,"column":3}},"type":"if","locations":[{"start":{"line":25,"column":2},"end":{"line":27,"column":3}},{"start":{},"end":{}}],"line":25},"2":{"loc":{"start":{"line":33,"column":2},"end":{"line":44,"column":3}},"type":"if","locations":[{"start":{"line":33,"column":2},"end":{"line":44,"column":3}},{"start":{"line":36,"column":9},"end":{"line":44,"column":3}}],"line":33},"3":{"loc":{"start":{"line":39,"column":4},"end":{"line":43,"column":5}},"type":"if","locations":[{"start":{"line":39,"column":4},"end":{"line":43,"column":5}},{"start":{},"end":{}}],"line":39},"4":{"loc":{"start":{"line":53,"column":2},"end":{"line":55,"column":3}},"type":"if","locations":[{"start":{"line":53,"column":2},"end":{"line":55,"column":3}},{"start":{},"end":{}}],"line":53},"5":{"loc":{"start":{"line":58,"column":2},"end":{"line":60,"column":3}},"type":"if","locations":[{"start":{"line":58,"column":2},"end":{"line":60,"column":3}},{"start":{},"end":{}}],"line":58},"6":{"loc":{"start":{"line":65,"column":0},"end":{"line":73,"column":1}},"type":"if","locations":[{"start":{"line":65,"column":0},"end":{"line":73,"column":1}},{"start":{},"end":{}}],"line":65}},"s":{"0":1,"1":1,"2":1,"3":1,"4":1,"5":1,"6":1,"7":1,"8":1,"9":1,"10":0,"11":0,"12":0,"13":3,"14":3,"15":3,"16":2,"17":1,"18":1,"19":1,"20":1,"21":1,"22":1,"23":1,"24":1,"25":2,"26":1,"27":1,"28":1,"29":1,"30":1,"31":1,"32":1,"33":1,"34":3,"35":3,"36":3},"f":{"0":1,"1":1,"2":3,"3":2,"4":1},"b":{"0":[1,0],"1":[3,0],"2":[1,1],"3":[1,0],"4":[1,0],"5":[1,0],"6":[3,0]},"_coverageSchema":"1a1c01bbd47fc00a2c39e90264f33305004495a9","hash":"c5d4a4768eefb77d9733aab8937c3681b9304fbc"}
,"E:\\Development\\criptomo\\criptomo\\js\\calculator.js": {"path":"E:\\Development\\criptomo\\criptomo\\js\\calculator.js","statementMap":{"0":{"start":{"line":1,"column":16},"end":{"line":1,"column":20}},"1":{"start":{"line":4,"column":22},"end":{"line":4,"column":44}},"2":{"start":{"line":5,"column":20},"end":{"line":5,"column":52}},"3":{"start":{"line":7,"column":15},"end":{"line":7,"column":38}},"4":{"start":{"line":8,"column":17},"end":{"line":8,"column":56}},"5":{"start":{"line":9,"column":14},"end":{"line":9,"column":37}},"6":{"start":{"line":10,"column":13},"end":{"line":10,"column":34}},"7":{"start":{"line":12,"column":2},"end":{"line":42,"column":7}},"8":{"start":{"line":17,"column":8},"end":{"line":32,"column":9}},"9":{"start":{"line":24,"column":10},"end":{"line":24,"column":67}},"10":{"start":{"line":26,"column":10},"end":{"line":26,"column":90}},"11":{"start":{"line":27,"column":10},"end":{"line":27,"column":87}},"12":{"start":{"line":28,"column":10},"end":{"line":28,"column":85}},"13":{"start":{"line":29,"column":10},"end":{"line":29,"column":158}},"14":{"start":{"line":30,"column":25},"end":{"line":30,"column":79}},"15":{"start":{"line":31,"column":10},"end":{"line":31,"column":63}},"16":{"start":{"line":33,"column":8},"end":{"line":33,"column":66}},"17":{"start":{"line":34,"column":8},"end":{"line":34,"column":64}},"18":{"start":{"line":36,"column":8},"end":{"line":36,"column":60}},"19":{"start":{"line":38,"column":8},"end":{"line":38,"column":28}},"20":{"start":{"line":41,"column":8},"end":{"line":41,"column":46}},"21":{"start":{"line":46,"column":28},"end":{"line":52,"column":3}},"22":{"start":{"line":54,"column":2},"end":{"line":111,"column":3}},"23":{"start":{"line":55,"column":4},"end":{"line":55,"column":18}},"24":{"start":{"line":56,"column":17},"end":{"line":56,"column":43}},"25":{"start":{"line":57,"column":18},"end":{"line":57,"column":63}},"26":{"start":{"line":58,"column":20},"end":{"line":58,"column":67}},"27":{"start":{"line":60,"column":4},"end":{"line":60,"column":123}},"28":{"start":{"line":61,"column":17},"end":{"line":61,"column":57}},"29":{"start":{"line":62,"column":12},"end":{"line":62,"column":13}},"30":{"start":{"line":63,"column":4},"end":{"line":66,"column":5}},"31":{"start":{"line":64,"column":7},"end":{"line":64,"column":39}},"32":{"start":{"line":65,"column":7},"end":{"line":65,"column":11}},"33":{"start":{"line":68,"column":4},"end":{"line":108,"column":9}},"34":{"start":{"line":69,"column":24},"end":{"line":69,"column":39}},"35":{"start":{"line":71,"column":8},"end":{"line":71,"column":60}},"36":{"start":{"line":87,"column":10},"end":{"line":103,"column":15}},"37":{"start":{"line":88,"column":26},"end":{"line":88,"column":37}},"38":{"start":{"line":90,"column":14},"end":{"line":97,"column":15}},"39":{"start":{"line":91,"column":16},"end":{"line":91,"column":84}},"40":{"start":{"line":92,"column":16},"end":{"line":92,"column":41}},"41":{"start":{"line":93,"column":21},"end":{"line":97,"column":15}},"42":{"start":{"line":94,"column":16},"end":{"line":94,"column":40}},"43":{"start":{"line":96,"column":16},"end":{"line":96,"column":36}},"44":{"start":{"line":98,"column":14},"end":{"line":98,"column":29}},"45":{"start":{"line":101,"column":14},"end":{"line":101,"column":34}},"46":{"start":{"line":102,"column":14},"end":{"line":102,"column":29}},"47":{"start":{"line":107,"column":8},"end":{"line":107,"column":28}},"48":{"start":{"line":110,"column":4},"end":{"line":110,"column":24}},"49":{"start":{"line":114,"column":19},"end":{"line":114,"column":61}},"50":{"start":{"line":115,"column":12},"end":{"line":115,"column":13}},"51":{"start":{"line":116,"column":4},"end":{"line":119,"column":5}},"52":{"start":{"line":117,"column":7},"end":{"line":117,"column":36}},"53":{"start":{"line":118,"column":7},"end":{"line":118,"column":11}},"54":{"start":{"line":122,"column":19},"end":{"line":122,"column":61}},"55":{"start":{"line":123,"column":12},"end":{"line":123,"column":13}},"56":{"start":{"line":124,"column":4},"end":{"line":127,"column":5}},"57":{"start":{"line":125,"column":7},"end":{"line":125,"column":44}},"58":{"start":{"line":126,"column":7},"end":{"line":126,"column":11}},"59":{"start":{"line":131,"column":4},"end":{"line":131,"column":119}},"60":{"start":{"line":132,"column":4},"end":{"line":132,"column":103}},"61":{"start":{"line":133,"column":4},"end":{"line":133,"column":133}},"62":{"start":{"line":134,"column":4},"end":{"line":134,"column":77}},"63":{"start":{"line":135,"column":4},"end":{"line":135,"column":127}},"64":{"start":{"line":136,"column":4},"end":{"line":136,"column":75}},"65":{"start":{"line":137,"column":4},"end":{"line":137,"column":141}},"66":{"start":{"line":138,"column":4},"end":{"line":138,"column":165}},"67":{"start":{"line":139,"column":4},"end":{"line":139,"column":89}},"68":{"start":{"line":140,"column":4},"end":{"line":140,"column":122}},"69":{"start":{"line":142,"column":17},"end":{"line":142,"column":19}},"70":{"start":{"line":143,"column":4},"end":{"line":143,"column":149}},"71":{"start":{"line":144,"column":4},"end":{"line":148,"column":5}},"72":{"start":{"line":145,"column":6},"end":{"line":145,"column":26}},"73":{"start":{"line":147,"column":6},"end":{"line":147,"column":26}},"74":{"start":{"line":149,"column":4},"end":{"line":149,"column":106}},"75":{"start":{"line":150,"column":4},"end":{"line":150,"column":74}},"76":{"start":{"line":152,"column":20},"end":{"line":155,"column":80}},"77":{"start":{"line":157,"column":4},"end":{"line":157,"column":73}},"78":{"start":{"line":158,"column":4},"end":{"line":158,"column":82}},"79":{"start":{"line":160,"column":4},"end":{"line":162,"column":5}},"80":{"start":{"line":161,"column":6},"end":{"line":161,"column":48}},"81":{"start":{"line":167,"column":4},"end":{"line":177,"column":5}},"82":{"start":{"line":168,"column":6},"end":{"line":168,"column":84}},"83":{"start":{"line":169,"column":6},"end":{"line":169,"column":85}},"84":{"start":{"line":171,"column":6},"end":{"line":171,"column":84}},"85":{"start":{"line":172,"column":6},"end":{"line":172,"column":85}},"86":{"start":{"line":173,"column":6},"end":{"line":176,"column":7}},"87":{"start":{"line":174,"column":8},"end":{"line":174,"column":92}},"88":{"start":{"line":175,"column":8},"end":{"line":175,"column":26}},"89":{"start":{"line":182,"column":21},"end":{"line":182,"column":69}},"90":{"start":{"line":185,"column":2},"end":{"line":193,"column":3}},"91":{"start":{"line":186,"column":4},"end":{"line":192,"column":7}},"92":{"start":{"line":187,"column":6},"end":{"line":187,"column":78}},"93":{"start":{"line":188,"column":6},"end":{"line":188,"column":65}},"94":{"start":{"line":189,"column":6},"end":{"line":191,"column":7}},"95":{"start":{"line":190,"column":8},"end":{"line":190,"column":79}},"96":{"start":{"line":195,"column":20},"end":{"line":195,"column":68}},"97":{"start":{"line":197,"column":2},"end":{"line":204,"column":3}},"98":{"start":{"line":198,"column":4},"end":{"line":203,"column":7}},"99":{"start":{"line":199,"column":6},"end":{"line":199,"column":68}},"100":{"start":{"line":200,"column":6},"end":{"line":202,"column":7}},"101":{"start":{"line":201,"column":8},"end":{"line":201,"column":79}},"102":{"start":{"line":208,"column":19},"end":{"line":208,"column":57}},"103":{"start":{"line":209,"column":2},"end":{"line":211,"column":3}},"104":{"start":{"line":210,"column":4},"end":{"line":210,"column":11}},"105":{"start":{"line":212,"column":2},"end":{"line":212,"column":73}},"106":{"start":{"line":213,"column":2},"end":{"line":213,"column":33}},"107":{"start":{"line":214,"column":2},"end":{"line":216,"column":3}},"108":{"start":{"line":215,"column":4},"end":{"line":215,"column":14}},"109":{"start":{"line":219,"column":0},"end":{"line":219,"column":7}},"110":{"start":{"line":221,"column":0},"end":{"line":228,"column":1}},"111":{"start":{"line":222,"column":2},"end":{"line":227,"column":4}}},"fnMap":{"0":{"name":"preFill","decl":{"start":{"line":3,"column":9},"end":{"line":3,"column":16}},"loc":{"start":{"line":3,"column":20},"end":{"line":43,"column":1}},"line":3},"1":{"name":"calculateEarnings","decl":{"start":{"line":45,"column":9},"end":{"line":45,"column":26}},"loc":{"start":{"line":45,"column":29},"end":{"line":179,"column":1}},"line":45},"2":{"name":"(anonymous_2)","decl":{"start":{"line":69,"column":12},"end":{"line":69,"column":13}},"loc":{"start":{"line":69,"column":24},"end":{"line":69,"column":39}},"line":69},"3":{"name":"(anonymous_3)","decl":{"start":{"line":70,"column":12},"end":{"line":70,"column":13}},"loc":{"start":{"line":70,"column":26},"end":{"line":105,"column":7}},"line":70},"4":{"name":"(anonymous_4)","decl":{"start":{"line":88,"column":18},"end":{"line":88,"column":19}},"loc":{"start":{"line":88,"column":26},"end":{"line":88,"column":37}},"line":88},"5":{"name":"(anonymous_5)","decl":{"start":{"line":89,"column":18},"end":{"line":89,"column":19}},"loc":{"start":{"line":89,"column":28},"end":{"line":99,"column":13}},"line":89},"6":{"name":"(anonymous_6)","decl":{"start":{"line":100,"column":19},"end":{"line":100,"column":20}},"loc":{"start":{"line":100,"column":31},"end":{"line":103,"column":13}},"line":100},"7":{"name":"(anonymous_7)","decl":{"start":{"line":106,"column":13},"end":{"line":106,"column":14}},"loc":{"start":{"line":106,"column":29},"end":{"line":108,"column":7}},"line":106},"8":{"name":"modifyAllClassElementsText","decl":{"start":{"line":113,"column":11},"end":{"line":113,"column":37}},"loc":{"start":{"line":113,"column":55},"end":{"line":120,"column":3}},"line":113},"9":{"name":"modifyAllClassElementsClassName","decl":{"start":{"line":121,"column":11},"end":{"line":121,"column":42}},"loc":{"start":{"line":121,"column":68},"end":{"line":128,"column":3}},"line":121},"10":{"name":"paintResults","decl":{"start":{"line":130,"column":11},"end":{"line":130,"column":23}},"loc":{"start":{"line":130,"column":36},"end":{"line":164,"column":3}},"line":130},"11":{"name":"loading","decl":{"start":{"line":166,"column":11},"end":{"line":166,"column":18}},"loc":{"start":{"line":166,"column":26},"end":{"line":178,"column":3}},"line":166},"12":{"name":"initializeCalculatorExamples","decl":{"start":{"line":181,"column":9},"end":{"line":181,"column":37}},"loc":{"start":{"line":181,"column":40},"end":{"line":205,"column":1}},"line":181},"13":{"name":"(anonymous_13)","decl":{"start":{"line":186,"column":46},"end":{"line":186,"column":47}},"loc":{"start":{"line":186,"column":56},"end":{"line":192,"column":5}},"line":186},"14":{"name":"(anonymous_14)","decl":{"start":{"line":198,"column":45},"end":{"line":198,"column":46}},"loc":{"start":{"line":198,"column":55},"end":{"line":203,"column":5}},"line":198},"15":{"name":"init","decl":{"start":{"line":207,"column":9},"end":{"line":207,"column":13}},"loc":{"start":{"line":207,"column":16},"end":{"line":217,"column":1}},"line":207}},"branchMap":{"0":{"loc":{"start":{"line":12,"column":2},"end":{"line":42,"column":7}},"type":"if","locations":[{"start":{"line":12,"column":2},"end":{"line":42,"column":7}},{"start":{"line":40,"column":11},"end":{"line":42,"column":7}}],"line":12},"1":{"loc":{"start":{"line":13,"column":8},"end":{"line":15,"column":17}},"type":"binary-expr","locations":[{"start":{"line":13,"column":9},"end":{"line":13,"column":44}},{"start":{"line":14,"column":13},"end":{"line":14,"column":44}},{"start":{"line":14,"column":50},"end":{"line":14,"column":81}},{"start":{"line":15,"column":12},"end":{"line":15,"column":16}}],"line":13},"2":{"loc":{"start":{"line":17,"column":8},"end":{"line":32,"column":9}},"type":"if","locations":[{"start":{"line":17,"column":8},"end":{"line":32,"column":9}},{"start":{"line":25,"column":15},"end":{"line":32,"column":9}}],"line":17},"3":{"loc":{"start":{"line":17,"column":12},"end":{"line":23,"column":29}},"type":"binary-expr","locations":[{"start":{"line":17,"column":13},"end":{"line":17,"column":28}},{"start":{"line":18,"column":13},"end":{"line":18,"column":28}},{"start":{"line":19,"column":13},"end":{"line":19,"column":28}},{"start":{"line":20,"column":13},"end":{"line":20,"column":30}},{"start":{"line":21,"column":13},"end":{"line":21,"column":28}},{"start":{"line":22,"column":13},"end":{"line":22,"column":28}},{"start":{"line":23,"column":13},"end":{"line":23,"column":28}}],"line":17},"4":{"loc":{"start":{"line":54,"column":2},"end":{"line":111,"column":3}},"type":"if","locations":[{"start":{"line":54,"column":2},"end":{"line":111,"column":3}},{"start":{"line":109,"column":9},"end":{"line":111,"column":3}}],"line":54},"5":{"loc":{"start":{"line":60,"column":4},"end":{"line":60,"column":122}},"type":"cond-expr","locations":[{"start":{"line":60,"column":45},"end":{"line":60,"column":115}},{"start":{"line":60,"column":118},"end":{"line":60,"column":122}}],"line":60},"6":{"loc":{"start":{"line":90,"column":14},"end":{"line":97,"column":15}},"type":"if","locations":[{"start":{"line":90,"column":14},"end":{"line":97,"column":15}},{"start":{"line":93,"column":21},"end":{"line":97,"column":15}}],"line":90},"7":{"loc":{"start":{"line":90,"column":18},"end":{"line":90,"column":102}},"type":"binary-expr","locations":[{"start":{"line":90,"column":19},"end":{"line":90,"column":44}},{"start":{"line":90,"column":50},"end":{"line":90,"column":101}}],"line":90},"8":{"loc":{"start":{"line":93,"column":21},"end":{"line":97,"column":15}},"type":"if","locations":[{"start":{"line":93,"column":21},"end":{"line":97,"column":15}},{"start":{"line":95,"column":21},"end":{"line":97,"column":15}}],"line":93},"9":{"loc":{"start":{"line":144,"column":4},"end":{"line":148,"column":5}},"type":"if","locations":[{"start":{"line":144,"column":4},"end":{"line":148,"column":5}},{"start":{"line":146,"column":11},"end":{"line":148,"column":5}}],"line":144},"10":{"loc":{"start":{"line":160,"column":4},"end":{"line":162,"column":5}},"type":"if","locations":[{"start":{"line":160,"column":4},"end":{"line":162,"column":5}},{"start":{},"end":{}}],"line":160},"11":{"loc":{"start":{"line":167,"column":4},"end":{"line":177,"column":5}},"type":"if","locations":[{"start":{"line":167,"column":4},"end":{"line":177,"column":5}},{"start":{"line":170,"column":11},"end":{"line":177,"column":5}}],"line":167},"12":{"loc":{"start":{"line":173,"column":6},"end":{"line":176,"column":7}},"type":"if","locations":[{"start":{"line":173,"column":6},"end":{"line":176,"column":7}},{"start":{},"end":{}}],"line":173},"13":{"loc":{"start":{"line":189,"column":6},"end":{"line":191,"column":7}},"type":"if","locations":[{"start":{"line":189,"column":6},"end":{"line":191,"column":7}},{"start":{},"end":{}}],"line":189},"14":{"loc":{"start":{"line":200,"column":6},"end":{"line":202,"column":7}},"type":"if","locations":[{"start":{"line":200,"column":6},"end":{"line":202,"column":7}},{"start":{},"end":{}}],"line":200},"15":{"loc":{"start":{"line":209,"column":2},"end":{"line":211,"column":3}},"type":"if","locations":[{"start":{"line":209,"column":2},"end":{"line":211,"column":3}},{"start":{},"end":{}}],"line":209},"16":{"loc":{"start":{"line":214,"column":2},"end":{"line":216,"column":3}},"type":"if","locations":[{"start":{"line":214,"column":2},"end":{"line":216,"column":3}},{"start":{},"end":{}}],"line":214},"17":{"loc":{"start":{"line":221,"column":0},"end":{"line":228,"column":1}},"type":"if","locations":[{"start":{"line":221,"column":0},"end":{"line":228,"column":1}},{"start":{},"end":{}}],"line":221}},"s":{"0":1,"1":0,"2":0,"3":0,"4":0,"5":0,"6":0,"7":0,"8":0,"9":0,"10":0,"11":0,"12":0,"13":0,"14":0,"15":0,"16":0,"17":0,"18":0,"19":0,"20":0,"21":1,"22":1,"23":1,"24":1,"25":1,"26":1,"27":1,"28":1,"29":1,"30":1,"31":2,"32":2,"33":1,"34":1,"35":1,"36":1,"37":1,"38":1,"39":1,"40":1,"41":0,"42":0,"43":0,"44":1,"45":0,"46":0,"47":0,"48":0,"49":8,"50":8,"51":8,"52":8,"53":8,"54":1,"55":1,"56":1,"57":1,"58":1,"59":1,"60":1,"61":1,"62":1,"63":1,"64":1,"65":1,"66":1,"67":1,"68":1,"69":1,"70":1,"71":1,"72":1,"73":0,"74":1,"75":1,"76":1,"77":1,"78":1,"79":1,"80":1,"81":2,"82":1,"83":1,"84":1,"85":1,"86":1,"87":1,"88":1,"89":1,"90":1,"91":1,"92":0,"93":0,"94":0,"95":0,"96":1,"97":1,"98":1,"99":0,"100":0,"101":0,"102":1,"103":1,"104":0,"105":1,"106":1,"107":1,"108":0,"109":1,"110":1,"111":1},"f":{"0":0,"1":1,"2":1,"3":1,"4":1,"5":1,"6":0,"7":0,"8":8,"9":1,"10":1,"11":2,"12":1,"13":0,"14":0,"15":1},"b":{"0":[0,0],"1":[0,0,0,0],"2":[0,0],"3":[0,0,0,0,0,0,0],"4":[1,0],"5":[0,1],"6":[1,0],"7":[1,1],"8":[0,0],"9":[1,0],"10":[1,0],"11":[1,1],"12":[1,0],"13":[0,0],"14":[0,0],"15":[0,1],"16":[0,1],"17":[1,0]},"_coverageSchema":"1a1c01bbd47fc00a2c39e90264f33305004495a9","hash":"a027bd72f7c87f419cd345ed68c3e54fc116e1a6"}
,"E:\\Development\\criptomo\\criptomo\\js\\disqus-loader.js": {"path":"E:\\Development\\criptomo\\criptomo\\js\\disqus-loader.js","statementMap":{"0":{"start":{"line":9,"column":1},"end":{"line":117,"column":26}},"1":{"start":{"line":13,"column":17},"end":{"line":25,"column":3}},"2":{"start":{"line":15,"column":24},"end":{"line":15,"column":26}},"3":{"start":{"line":16,"column":3},"end":{"line":18,"column":41}},"4":{"start":{"line":17,"column":4},"end":{"line":18,"column":41}},"5":{"start":{"line":18,"column":5},"end":{"line":18,"column":41}},"6":{"start":{"line":20,"column":3},"end":{"line":22,"column":40}},"7":{"start":{"line":21,"column":4},"end":{"line":22,"column":40}},"8":{"start":{"line":22,"column":5},"end":{"line":22,"column":40}},"9":{"start":{"line":24,"column":3},"end":{"line":24,"column":19}},"10":{"start":{"line":26,"column":14},"end":{"line":30,"column":3}},"11":{"start":{"line":28,"column":14},"end":{"line":28,"column":40}},"12":{"start":{"line":29,"column":3},"end":{"line":29,"column":98}},"13":{"start":{"line":31,"column":15},"end":{"line":43,"column":3}},"14":{"start":{"line":33,"column":17},"end":{"line":33,"column":51}},"15":{"start":{"line":34,"column":3},"end":{"line":34,"column":21}},"16":{"start":{"line":35,"column":3},"end":{"line":35,"column":23}},"17":{"start":{"line":36,"column":3},"end":{"line":36,"column":55}},"18":{"start":{"line":37,"column":3},"end":{"line":41,"column":6}},"19":{"start":{"line":39,"column":4},"end":{"line":40,"column":16}},"20":{"start":{"line":40,"column":5},"end":{"line":40,"column":16}},"21":{"start":{"line":42,"column":3},"end":{"line":42,"column":60}},"22":{"start":{"line":44,"column":14},"end":{"line":44,"column":181}},"23":{"start":{"line":44,"column":36},"end":{"line":44,"column":180}},"24":{"start":{"line":44,"column":60},"end":{"line":44,"column":64}},"25":{"start":{"line":44,"column":67},"end":{"line":44,"column":76}},"26":{"start":{"line":44,"column":79},"end":{"line":44,"column":88}},"27":{"start":{"line":44,"column":89},"end":{"line":44,"column":179}},"28":{"start":{"line":44,"column":139},"end":{"line":44,"column":155}},"29":{"start":{"line":46,"column":16},"end":{"line":46,"column":21}},"30":{"start":{"line":47,"column":14},"end":{"line":47,"column":19}},"31":{"start":{"line":48,"column":17},"end":{"line":48,"column":22}},"32":{"start":{"line":49,"column":15},"end":{"line":49,"column":20}},"33":{"start":{"line":51,"column":17},"end":{"line":51,"column":27}},"34":{"start":{"line":52,"column":14},"end":{"line":52,"column":19}},"35":{"start":{"line":54,"column":9},"end":{"line":87,"column":3}},"36":{"start":{"line":56,"column":3},"end":{"line":57,"column":16}},"37":{"start":{"line":57,"column":4},"end":{"line":57,"column":16}},"38":{"start":{"line":59,"column":15},"end":{"line":59,"column":33}},"39":{"start":{"line":60,"column":13},"end":{"line":60,"column":38}},"40":{"start":{"line":63,"column":3},"end":{"line":64,"column":16}},"41":{"start":{"line":64,"column":4},"end":{"line":64,"column":16}},"42":{"start":{"line":66,"column":13},"end":{"line":66,"column":55}},"43":{"start":{"line":67,"column":3},"end":{"line":67,"column":41}},"44":{"start":{"line":67,"column":13},"end":{"line":67,"column":41}},"45":{"start":{"line":68,"column":3},"end":{"line":68,"column":50}},"46":{"start":{"line":69,"column":3},"end":{"line":69,"column":42}},"47":{"start":{"line":71,"column":3},"end":{"line":86,"column":4}},"48":{"start":{"line":73,"column":4},"end":{"line":73,"column":57}},"49":{"start":{"line":77,"column":4},"end":{"line":77,"column":40}},"50":{"start":{"line":78,"column":4},"end":{"line":85,"column":5}},"51":{"start":{"line":80,"column":5},"end":{"line":80,"column":30}},"52":{"start":{"line":81,"column":5},"end":{"line":84,"column":8}},"53":{"start":{"line":83,"column":6},"end":{"line":83,"column":30}},"54":{"start":{"line":89,"column":1},"end":{"line":89,"column":66}},"55":{"start":{"line":90,"column":1},"end":{"line":90,"column":66}},"56":{"start":{"line":92,"column":1},"end":{"line":115,"column":3}},"57":{"start":{"line":94,"column":2},"end":{"line":101,"column":15}},"58":{"start":{"line":103,"column":2},"end":{"line":103,"column":35}},"59":{"start":{"line":104,"column":2},"end":{"line":104,"column":33}},"60":{"start":{"line":105,"column":2},"end":{"line":105,"column":38}},"61":{"start":{"line":106,"column":2},"end":{"line":106,"column":67}},"62":{"start":{"line":108,"column":2},"end":{"line":110,"column":36}},"63":{"start":{"line":108,"column":39},"end":{"line":108,"column":84}},"64":{"start":{"line":109,"column":7},"end":{"line":110,"column":36}},"65":{"start":{"line":109,"column":48},"end":{"line":109,"column":72}},"66":{"start":{"line":110,"column":17},"end":{"line":110,"column":36}},"67":{"start":{"line":112,"column":2},"end":{"line":112,"column":57}},"68":{"start":{"line":112,"column":16},"end":{"line":112,"column":57}},"69":{"start":{"line":114,"column":2},"end":{"line":114,"column":9}},"70":{"start":{"line":118,"column":0},"end":{"line":118,"column":74}}},"fnMap":{"0":{"name":"(anonymous_0)","decl":{"start":{"line":9,"column":3},"end":{"line":9,"column":4}},"loc":{"start":{"line":10,"column":0},"end":{"line":117,"column":1}},"line":10},"1":{"name":"(anonymous_1)","decl":{"start":{"line":13,"column":17},"end":{"line":13,"column":18}},"loc":{"start":{"line":14,"column":2},"end":{"line":25,"column":3}},"line":14},"2":{"name":"(anonymous_2)","decl":{"start":{"line":26,"column":14},"end":{"line":26,"column":15}},"loc":{"start":{"line":27,"column":2},"end":{"line":30,"column":3}},"line":27},"3":{"name":"(anonymous_3)","decl":{"start":{"line":31,"column":15},"end":{"line":31,"column":16}},"loc":{"start":{"line":32,"column":2},"end":{"line":43,"column":3}},"line":32},"4":{"name":"(anonymous_4)","decl":{"start":{"line":37,"column":36},"end":{"line":37,"column":37}},"loc":{"start":{"line":38,"column":3},"end":{"line":41,"column":4}},"line":38},"5":{"name":"(anonymous_5)","decl":{"start":{"line":44,"column":14},"end":{"line":44,"column":15}},"loc":{"start":{"line":44,"column":27},"end":{"line":44,"column":181}},"line":44},"6":{"name":"(anonymous_6)","decl":{"start":{"line":44,"column":43},"end":{"line":44,"column":44}},"loc":{"start":{"line":44,"column":53},"end":{"line":44,"column":180}},"line":44},"7":{"name":"(anonymous_7)","decl":{"start":{"line":44,"column":128},"end":{"line":44,"column":129}},"loc":{"start":{"line":44,"column":138},"end":{"line":44,"column":156}},"line":44},"8":{"name":"(anonymous_8)","decl":{"start":{"line":54,"column":9},"end":{"line":54,"column":10}},"loc":{"start":{"line":55,"column":2},"end":{"line":87,"column":3}},"line":55},"9":{"name":"(anonymous_9)","decl":{"start":{"line":81,"column":28},"end":{"line":81,"column":29}},"loc":{"start":{"line":82,"column":5},"end":{"line":84,"column":6}},"line":82},"10":{"name":"(anonymous_10)","decl":{"start":{"line":92,"column":23},"end":{"line":92,"column":24}},"loc":{"start":{"line":93,"column":1},"end":{"line":115,"column":2}},"line":93}},"branchMap":{"0":{"loc":{"start":{"line":17,"column":4},"end":{"line":18,"column":41}},"type":"if","locations":[{"start":{"line":17,"column":4},"end":{"line":18,"column":41}},{"start":{},"end":{}}],"line":17},"1":{"loc":{"start":{"line":21,"column":4},"end":{"line":22,"column":40}},"type":"if","locations":[{"start":{"line":21,"column":4},"end":{"line":22,"column":40}},{"start":{},"end":{}}],"line":21},"2":{"loc":{"start":{"line":39,"column":4},"end":{"line":40,"column":16}},"type":"if","locations":[{"start":{"line":39,"column":4},"end":{"line":40,"column":16}},{"start":{},"end":{}}],"line":39},"3":{"loc":{"start":{"line":42,"column":5},"end":{"line":42,"column":35}},"type":"binary-expr","locations":[{"start":{"line":42,"column":5},"end":{"line":42,"column":18}},{"start":{"line":42,"column":22},"end":{"line":42,"column":35}}],"line":42},"4":{"loc":{"start":{"line":44,"column":89},"end":{"line":44,"column":179}},"type":"cond-expr","locations":[{"start":{"line":44,"column":99},"end":{"line":44,"column":159}},{"start":{"line":44,"column":162},"end":{"line":44,"column":178}}],"line":44},"5":{"loc":{"start":{"line":44,"column":89},"end":{"line":44,"column":97}},"type":"binary-expr","locations":[{"start":{"line":44,"column":89},"end":{"line":44,"column":90}},{"start":{"line":44,"column":92},"end":{"line":44,"column":97}}],"line":44},"6":{"loc":{"start":{"line":56,"column":3},"end":{"line":57,"column":16}},"type":"if","locations":[{"start":{"line":56,"column":3},"end":{"line":57,"column":16}},{"start":{},"end":{}}],"line":56},"7":{"loc":{"start":{"line":56,"column":7},"end":{"line":56,"column":98}},"type":"binary-expr","locations":[{"start":{"line":56,"column":7},"end":{"line":56,"column":16}},{"start":{"line":56,"column":20},"end":{"line":56,"column":55}},{"start":{"line":56,"column":59},"end":{"line":56,"column":98}}],"line":56},"8":{"loc":{"start":{"line":63,"column":3},"end":{"line":64,"column":16}},"type":"if","locations":[{"start":{"line":63,"column":3},"end":{"line":64,"column":16}},{"start":{},"end":{}}],"line":63},"9":{"loc":{"start":{"line":63,"column":7},"end":{"line":63,"column":135}},"type":"binary-expr","locations":[{"start":{"line":63,"column":7},"end":{"line":63,"column":53}},{"start":{"line":63,"column":57},"end":{"line":63,"column":135}}],"line":63},"10":{"loc":{"start":{"line":67,"column":3},"end":{"line":67,"column":41}},"type":"if","locations":[{"start":{"line":67,"column":3},"end":{"line":67,"column":41}},{"start":{},"end":{}}],"line":67},"11":{"loc":{"start":{"line":71,"column":3},"end":{"line":86,"column":4}},"type":"if","locations":[{"start":{"line":71,"column":3},"end":{"line":86,"column":4}},{"start":{"line":76,"column":3},"end":{"line":86,"column":4}}],"line":71},"12":{"loc":{"start":{"line":78,"column":4},"end":{"line":85,"column":5}},"type":"if","locations":[{"start":{"line":78,"column":4},"end":{"line":85,"column":5}},{"start":{},"end":{}}],"line":78},"13":{"loc":{"start":{"line":106,"column":15},"end":{"line":106,"column":66}},"type":"cond-expr","locations":[{"start":{"line":106,"column":37},"end":{"line":106,"column":54}},{"start":{"line":106,"column":57},"end":{"line":106,"column":66}}],"line":106},"14":{"loc":{"start":{"line":108,"column":2},"end":{"line":110,"column":36}},"type":"if","locations":[{"start":{"line":108,"column":2},"end":{"line":110,"column":36}},{"start":{"line":109,"column":7},"end":{"line":110,"column":36}}],"line":108},"15":{"loc":{"start":{"line":109,"column":7},"end":{"line":110,"column":36}},"type":"if","locations":[{"start":{"line":109,"column":7},"end":{"line":110,"column":36}},{"start":{"line":110,"column":17},"end":{"line":110,"column":36}}],"line":109},"16":{"loc":{"start":{"line":112,"column":2},"end":{"line":112,"column":57}},"type":"if","locations":[{"start":{"line":112,"column":2},"end":{"line":112,"column":57}},{"start":{},"end":{}}],"line":112}},"s":{"0":1,"1":1,"2":1,"3":1,"4":4,"5":4,"6":1,"7":1,"8":1,"9":1,"10":1,"11":1,"12":1,"13":1,"14":1,"15":1,"16":1,"17":1,"18":1,"19":0,"20":0,"21":1,"22":1,"23":2,"24":0,"25":0,"26":0,"27":0,"28":0,"29":1,"30":1,"31":1,"32":1,"33":1,"34":1,"35":1,"36":1,"37":0,"38":1,"39":1,"40":1,"41":0,"42":1,"43":1,"44":0,"45":1,"46":1,"47":1,"48":0,"49":1,"50":1,"51":1,"52":1,"53":0,"54":1,"55":1,"56":1,"57":1,"58":1,"59":1,"60":1,"61":1,"62":1,"63":1,"64":0,"65":0,"66":0,"67":1,"68":1,"69":1,"70":1},"f":{"0":1,"1":1,"2":1,"3":1,"4":0,"5":2,"6":0,"7":0,"8":1,"9":0,"10":1},"b":{"0":[4,0],"1":[1,0],"2":[0,0],"3":[1,0],"4":[0,0],"5":[0,0],"6":[0,1],"7":[1,1,1],"8":[0,1],"9":[1,1],"10":[0,1],"11":[0,1],"12":[1,0],"13":[1,0],"14":[1,0],"15":[0,0],"16":[1,0]},"_coverageSchema":"1a1c01bbd47fc00a2c39e90264f33305004495a9","hash":"611afdfa9b8608a0c34f8658133c6aa1654859c0"}
,"E:\\Development\\criptomo\\criptomo\\js\\essentials.js": {"path":"E:\\Development\\criptomo\\criptomo\\js\\essentials.js","statementMap":{"0":{"start":{"line":1,"column":0},"end":{"line":5,"column":2}},"1":{"start":{"line":2,"column":14},"end":{"line":2,"column":19}},"2":{"start":{"line":3,"column":2},"end":{"line":3,"column":2069}},"3":{"start":{"line":3,"column":15},"end":{"line":3,"column":2013}},"4":{"start":{"line":3,"column":2000},"end":{"line":3,"column":2013}},"5":{"start":{"line":4,"column":2},"end":{"line":4,"column":15}},"6":{"start":{"line":9,"column":4},"end":{"line":14,"column":5}},"7":{"start":{"line":11,"column":8},"end":{"line":11,"column":26}},"8":{"start":{"line":13,"column":8},"end":{"line":13,"column":58}},"9":{"start":{"line":18,"column":19},"end":{"line":18,"column":58}},"10":{"start":{"line":19,"column":2},"end":{"line":40,"column":3}},"11":{"start":{"line":19,"column":15},"end":{"line":19,"column":16}},"12":{"start":{"line":20,"column":4},"end":{"line":39,"column":7}},"13":{"start":{"line":21,"column":6},"end":{"line":21,"column":29}},"14":{"start":{"line":22,"column":22},"end":{"line":22,"column":69}},"15":{"start":{"line":23,"column":6},"end":{"line":38,"column":7}},"16":{"start":{"line":24,"column":8},"end":{"line":24,"column":42}},"17":{"start":{"line":25,"column":8},"end":{"line":25,"column":40}},"18":{"start":{"line":26,"column":21},"end":{"line":26,"column":50}},"19":{"start":{"line":27,"column":8},"end":{"line":27,"column":39}},"20":{"start":{"line":28,"column":8},"end":{"line":30,"column":14}},"21":{"start":{"line":29,"column":10},"end":{"line":29,"column":42}},"22":{"start":{"line":32,"column":8},"end":{"line":32,"column":39}},"23":{"start":{"line":33,"column":8},"end":{"line":37,"column":11}},"24":{"start":{"line":34,"column":10},"end":{"line":34,"column":47}},"25":{"start":{"line":45,"column":4},"end":{"line":45,"column":65}},"26":{"start":{"line":47,"column":4},"end":{"line":48,"column":73}},"27":{"start":{"line":49,"column":22},"end":{"line":49,"column":58}},"28":{"start":{"line":50,"column":2},"end":{"line":52,"column":50}},"29":{"start":{"line":56,"column":2},"end":{"line":62,"column":3}},"30":{"start":{"line":57,"column":4},"end":{"line":61,"column":6}},"31":{"start":{"line":66,"column":21},"end":{"line":66,"column":26}},"32":{"start":{"line":67,"column":20},"end":{"line":67,"column":38}},"33":{"start":{"line":69,"column":2},"end":{"line":84,"column":3}},"34":{"start":{"line":70,"column":29},"end":{"line":70,"column":47}},"35":{"start":{"line":71,"column":6},"end":{"line":82,"column":7}},"36":{"start":{"line":72,"column":8},"end":{"line":72,"column":78}},"37":{"start":{"line":73,"column":8},"end":{"line":75,"column":9}},"38":{"start":{"line":74,"column":10},"end":{"line":74,"column":76}},"39":{"start":{"line":78,"column":8},"end":{"line":78,"column":82}},"40":{"start":{"line":79,"column":8},"end":{"line":81,"column":9}},"41":{"start":{"line":80,"column":10},"end":{"line":80,"column":77}},"42":{"start":{"line":83,"column":6},"end":{"line":83,"column":39}},"43":{"start":{"line":86,"column":0},"end":{"line":86,"column":41}},"44":{"start":{"line":90,"column":0},"end":{"line":104,"column":2}},"45":{"start":{"line":92,"column":17},"end":{"line":94,"column":42}},"46":{"start":{"line":96,"column":11},"end":{"line":96,"column":25}},"47":{"start":{"line":98,"column":18},"end":{"line":98,"column":33}},"48":{"start":{"line":99,"column":17},"end":{"line":99,"column":39}},"49":{"start":{"line":101,"column":12},"end":{"line":101,"column":30}},"50":{"start":{"line":103,"column":1},"end":{"line":103,"column":38}},"51":{"start":{"line":106,"column":0},"end":{"line":106,"column":23}},"52":{"start":{"line":107,"column":0},"end":{"line":107,"column":24}},"53":{"start":{"line":109,"column":0},"end":{"line":118,"column":1}},"54":{"start":{"line":110,"column":2},"end":{"line":117,"column":4}}},"fnMap":{"0":{"name":"(anonymous_0)","decl":{"start":{"line":1,"column":30},"end":{"line":1,"column":31}},"loc":{"start":{"line":1,"column":41},"end":{"line":5,"column":1}},"line":1},"1":{"name":"(anonymous_1)","decl":{"start":{"line":3,"column":3},"end":{"line":3,"column":4}},"loc":{"start":{"line":3,"column":14},"end":{"line":3,"column":2014}},"line":3},"2":{"name":"docReady","decl":{"start":{"line":7,"column":9},"end":{"line":7,"column":17}},"loc":{"start":{"line":7,"column":22},"end":{"line":15,"column":1}},"line":7},"3":{"name":"initializeMenuToggle","decl":{"start":{"line":17,"column":9},"end":{"line":17,"column":29}},"loc":{"start":{"line":17,"column":32},"end":{"line":41,"column":1}},"line":17},"4":{"name":"(anonymous_4)","decl":{"start":{"line":20,"column":44},"end":{"line":20,"column":45}},"loc":{"start":{"line":20,"column":59},"end":{"line":39,"column":5}},"line":20},"5":{"name":"(anonymous_5)","decl":{"start":{"line":28,"column":19},"end":{"line":28,"column":20}},"loc":{"start":{"line":28,"column":31},"end":{"line":30,"column":9}},"line":28},"6":{"name":"(anonymous_6)","decl":{"start":{"line":33,"column":52},"end":{"line":33,"column":53}},"loc":{"start":{"line":33,"column":64},"end":{"line":35,"column":9}},"line":33},"7":{"name":"updateProgressBar","decl":{"start":{"line":43,"column":9},"end":{"line":43,"column":26}},"loc":{"start":{"line":43,"column":29},"end":{"line":53,"column":1}},"line":43},"8":{"name":"initializeProgressBar","decl":{"start":{"line":55,"column":9},"end":{"line":55,"column":30}},"loc":{"start":{"line":55,"column":33},"end":{"line":63,"column":1}},"line":55},"9":{"name":"handleNavigationScroll","decl":{"start":{"line":68,"column":9},"end":{"line":68,"column":31}},"loc":{"start":{"line":68,"column":34},"end":{"line":85,"column":1}},"line":68},"10":{"name":"(anonymous_10)","decl":{"start":{"line":90,"column":31},"end":{"line":90,"column":32}},"loc":{"start":{"line":90,"column":42},"end":{"line":104,"column":1}},"line":90}},"branchMap":{"0":{"loc":{"start":{"line":3,"column":15},"end":{"line":3,"column":2013}},"type":"if","locations":[{"start":{"line":3,"column":15},"end":{"line":3,"column":2013}},{"start":{},"end":{}}],"line":3},"1":{"loc":{"start":{"line":3,"column":18},"end":{"line":3,"column":1998}},"type":"binary-expr","locations":[{"start":{"line":3,"column":18},"end":{"line":3,"column":367}},{"start":{"line":3,"column":369},"end":{"line":3,"column":1998}}],"line":3},"2":{"loc":{"start":{"line":3,"column":2016},"end":{"line":3,"column":2067}},"type":"binary-expr","locations":[{"start":{"line":3,"column":2016},"end":{"line":3,"column":2035}},{"start":{"line":3,"column":2037},"end":{"line":3,"column":2053}},{"start":{"line":3,"column":2055},"end":{"line":3,"column":2067}}],"line":3},"3":{"loc":{"start":{"line":9,"column":4},"end":{"line":14,"column":5}},"type":"if","locations":[{"start":{"line":9,"column":4},"end":{"line":14,"column":5}},{"start":{"line":12,"column":11},"end":{"line":14,"column":5}}],"line":9},"4":{"loc":{"start":{"line":9,"column":8},"end":{"line":9,"column":83}},"type":"binary-expr","locations":[{"start":{"line":9,"column":8},"end":{"line":9,"column":42}},{"start":{"line":9,"column":46},"end":{"line":9,"column":83}}],"line":9},"5":{"loc":{"start":{"line":23,"column":6},"end":{"line":38,"column":7}},"type":"if","locations":[{"start":{"line":23,"column":6},"end":{"line":38,"column":7}},{"start":{"line":31,"column":13},"end":{"line":38,"column":7}}],"line":23},"6":{"loc":{"start":{"line":45,"column":4},"end":{"line":45,"column":65}},"type":"binary-expr","locations":[{"start":{"line":45,"column":4},"end":{"line":45,"column":38}},{"start":{"line":45,"column":42},"end":{"line":45,"column":65}}],"line":45},"7":{"loc":{"start":{"line":47,"column":5},"end":{"line":48,"column":32}},"type":"binary-expr","locations":[{"start":{"line":47,"column":5},"end":{"line":47,"column":42}},{"start":{"line":48,"column":6},"end":{"line":48,"column":32}}],"line":47},"8":{"loc":{"start":{"line":56,"column":2},"end":{"line":62,"column":3}},"type":"if","locations":[{"start":{"line":56,"column":2},"end":{"line":62,"column":3}},{"start":{},"end":{}}],"line":56},"9":{"loc":{"start":{"line":69,"column":2},"end":{"line":84,"column":3}},"type":"if","locations":[{"start":{"line":69,"column":2},"end":{"line":84,"column":3}},{"start":{},"end":{}}],"line":69},"10":{"loc":{"start":{"line":69,"column":6},"end":{"line":69,"column":48}},"type":"binary-expr","locations":[{"start":{"line":69,"column":7},"end":{"line":69,"column":29}},{"start":{"line":69,"column":34},"end":{"line":69,"column":48}}],"line":69},"11":{"loc":{"start":{"line":71,"column":6},"end":{"line":82,"column":7}},"type":"if","locations":[{"start":{"line":71,"column":6},"end":{"line":82,"column":7}},{"start":{"line":77,"column":13},"end":{"line":82,"column":7}}],"line":71},"12":{"loc":{"start":{"line":71,"column":10},"end":{"line":71,"column":74}},"type":"binary-expr","locations":[{"start":{"line":71,"column":11},"end":{"line":71,"column":44}},{"start":{"line":71,"column":50},"end":{"line":71,"column":73}}],"line":71},"13":{"loc":{"start":{"line":73,"column":8},"end":{"line":75,"column":9}},"type":"if","locations":[{"start":{"line":73,"column":8},"end":{"line":75,"column":9}},{"start":{},"end":{}}],"line":73},"14":{"loc":{"start":{"line":79,"column":8},"end":{"line":81,"column":9}},"type":"if","locations":[{"start":{"line":79,"column":8},"end":{"line":81,"column":9}},{"start":{},"end":{}}],"line":79},"15":{"loc":{"start":{"line":109,"column":0},"end":{"line":118,"column":1}},"type":"if","locations":[{"start":{"line":109,"column":0},"end":{"line":118,"column":1}},{"start":{},"end":{}}],"line":109}},"s":{"0":2,"1":0,"2":0,"3":0,"4":0,"5":0,"6":1,"7":1,"8":0,"9":2,"10":2,"11":2,"12":2,"13":1,"14":1,"15":1,"16":1,"17":1,"18":1,"19":1,"20":1,"21":1,"22":0,"23":0,"24":0,"25":1,"26":1,"27":1,"28":1,"29":2,"30":2,"31":2,"32":2,"33":0,"34":0,"35":0,"36":0,"37":0,"38":0,"39":0,"40":0,"41":0,"42":0,"43":2,"44":2,"45":1,"46":1,"47":1,"48":1,"49":1,"50":1,"51":2,"52":2,"53":2,"54":2},"f":{"0":0,"1":0,"2":1,"3":2,"4":1,"5":1,"6":0,"7":1,"8":2,"9":0,"10":1},"b":{"0":[0,0],"1":[0,0],"2":[0,0,0],"3":[1,0],"4":[1,0],"5":[1,0],"6":[1,0],"7":[1,0],"8":[2,0],"9":[0,0],"10":[0,0],"11":[0,0],"12":[0,0],"13":[0,0],"14":[0,0],"15":[2,0]},"_coverageSchema":"1a1c01bbd47fc00a2c39e90264f33305004495a9","hash":"4e7ead96a126655af7db54949d1e05643f92367d"}
,"E:\\Development\\criptomo\\criptomo\\js\\fi.js": {"path":"E:\\Development\\criptomo\\criptomo\\js\\fi.js","statementMap":{"0":{"start":{"line":2,"column":2},"end":{"line":2,"column":37}},"1":{"start":{"line":6,"column":2},"end":{"line":6,"column":39}},"2":{"start":{"line":10,"column":2},"end":{"line":10,"column":40}},"3":{"start":{"line":14,"column":23},"end":{"line":14,"column":63}},"4":{"start":{"line":15,"column":17},"end":{"line":15,"column":50}},"5":{"start":{"line":16,"column":15},"end":{"line":16,"column":46}},"6":{"start":{"line":18,"column":2},"end":{"line":18,"column":49}},"7":{"start":{"line":19,"column":2},"end":{"line":19,"column":85}},"8":{"start":{"line":20,"column":2},"end":{"line":20,"column":105}},"9":{"start":{"line":22,"column":2},"end":{"line":22,"column":63}},"10":{"start":{"line":23,"column":2},"end":{"line":23,"column":77}},"11":{"start":{"line":27,"column":2},"end":{"line":27,"column":82}},"12":{"start":{"line":31,"column":17},"end":{"line":31,"column":60}},"13":{"start":{"line":32,"column":24},"end":{"line":32,"column":79}},"14":{"start":{"line":34,"column":2},"end":{"line":34,"column":63}},"15":{"start":{"line":35,"column":2},"end":{"line":35,"column":71}},"16":{"start":{"line":36,"column":2},"end":{"line":36,"column":89}},"17":{"start":{"line":40,"column":19},"end":{"line":40,"column":50}},"18":{"start":{"line":41,"column":2},"end":{"line":43,"column":5}},"19":{"start":{"line":42,"column":4},"end":{"line":42,"column":28}},"20":{"start":{"line":47,"column":20},"end":{"line":47,"column":55}},"21":{"start":{"line":48,"column":2},"end":{"line":48,"column":61}},"22":{"start":{"line":49,"column":2},"end":{"line":49,"column":61}},"23":{"start":{"line":50,"column":2},"end":{"line":50,"column":49}},"24":{"start":{"line":54,"column":2},"end":{"line":54,"column":100}},"25":{"start":{"line":58,"column":11},"end":{"line":58,"column":50}},"26":{"start":{"line":59,"column":22},"end":{"line":59,"column":67}},"27":{"start":{"line":60,"column":1},"end":{"line":60,"column":111}},"28":{"start":{"line":61,"column":1},"end":{"line":61,"column":38}},"29":{"start":{"line":62,"column":1},"end":{"line":62,"column":15}},"30":{"start":{"line":65,"column":22},"end":{"line":65,"column":67}},"31":{"start":{"line":66,"column":1},"end":{"line":66,"column":38}},"32":{"start":{"line":67,"column":11},"end":{"line":67,"column":44}},"33":{"start":{"line":68,"column":1},"end":{"line":74,"column":2}},"34":{"start":{"line":69,"column":2},"end":{"line":69,"column":46}},"35":{"start":{"line":70,"column":2},"end":{"line":70,"column":72}},"36":{"start":{"line":72,"column":2},"end":{"line":72,"column":48}},"37":{"start":{"line":73,"column":2},"end":{"line":73,"column":75}},"38":{"start":{"line":75,"column":1},"end":{"line":81,"column":2}},"39":{"start":{"line":76,"column":2},"end":{"line":76,"column":35}},"40":{"start":{"line":77,"column":2},"end":{"line":77,"column":61}},"41":{"start":{"line":79,"column":2},"end":{"line":79,"column":37}},"42":{"start":{"line":80,"column":2},"end":{"line":80,"column":64}},"43":{"start":{"line":82,"column":1},"end":{"line":85,"column":2}},"44":{"start":{"line":83,"column":2},"end":{"line":83,"column":141}},"45":{"start":{"line":84,"column":2},"end":{"line":84,"column":16}},"46":{"start":{"line":90,"column":18},"end":{"line":98,"column":3}},"47":{"start":{"line":99,"column":9},"end":{"line":99,"column":55}},"48":{"start":{"line":100,"column":1},"end":{"line":102,"column":2}},"49":{"start":{"line":101,"column":5},"end":{"line":101,"column":42}},"50":{"start":{"line":103,"column":1},"end":{"line":149,"column":2}},"51":{"start":{"line":104,"column":2},"end":{"line":104,"column":72}},"52":{"start":{"line":105,"column":8},"end":{"line":149,"column":2}},"53":{"start":{"line":106,"column":2},"end":{"line":106,"column":67}},"54":{"start":{"line":107,"column":8},"end":{"line":149,"column":2}},"55":{"start":{"line":108,"column":24},"end":{"line":108,"column":70}},"56":{"start":{"line":109,"column":2},"end":{"line":109,"column":47}},"57":{"start":{"line":110,"column":2},"end":{"line":110,"column":73}},"58":{"start":{"line":113,"column":14},"end":{"line":113,"column":69}},"59":{"start":{"line":114,"column":2},"end":{"line":114,"column":23}},"60":{"start":{"line":115,"column":10},"end":{"line":115,"column":11}},"61":{"start":{"line":116,"column":2},"end":{"line":148,"column":3}},"62":{"start":{"line":117,"column":25},"end":{"line":117,"column":48}},"63":{"start":{"line":118,"column":21},"end":{"line":118,"column":67}},"64":{"start":{"line":119,"column":23},"end":{"line":119,"column":24}},"65":{"start":{"line":121,"column":13},"end":{"line":121,"column":47}},"66":{"start":{"line":122,"column":3},"end":{"line":122,"column":37}},"67":{"start":{"line":123,"column":15},"end":{"line":123,"column":32}},"68":{"start":{"line":124,"column":15},"end":{"line":124,"column":32}},"69":{"start":{"line":125,"column":15},"end":{"line":125,"column":32}},"70":{"start":{"line":126,"column":15},"end":{"line":126,"column":32}},"71":{"start":{"line":127,"column":15},"end":{"line":127,"column":32}},"72":{"start":{"line":129,"column":3},"end":{"line":137,"column":4}},"73":{"start":{"line":130,"column":4},"end":{"line":130,"column":25}},"74":{"start":{"line":133,"column":4},"end":{"line":136,"column":5}},"75":{"start":{"line":134,"column":5},"end":{"line":134,"column":108}},"76":{"start":{"line":135,"column":5},"end":{"line":135,"column":21}},"77":{"start":{"line":138,"column":3},"end":{"line":138,"column":28}},"78":{"start":{"line":139,"column":3},"end":{"line":139,"column":198}},"79":{"start":{"line":140,"column":3},"end":{"line":140,"column":167}},"80":{"start":{"line":141,"column":3},"end":{"line":141,"column":42}},"81":{"start":{"line":142,"column":3},"end":{"line":142,"column":92}},"82":{"start":{"line":144,"column":3},"end":{"line":146,"column":4}},"83":{"start":{"line":145,"column":4},"end":{"line":145,"column":32}},"84":{"start":{"line":147,"column":3},"end":{"line":147,"column":13}},"85":{"start":{"line":152,"column":0},"end":{"line":154,"column":1}},"86":{"start":{"line":153,"column":2},"end":{"line":153,"column":16}},"87":{"start":{"line":156,"column":0},"end":{"line":171,"column":1}},"88":{"start":{"line":157,"column":2},"end":{"line":170,"column":4}}},"fnMap":{"0":{"name":"getElementById","decl":{"start":{"line":1,"column":9},"end":{"line":1,"column":23}},"loc":{"start":{"line":1,"column":28},"end":{"line":3,"column":1}},"line":1},"1":{"name":"updateText","decl":{"start":{"line":5,"column":9},"end":{"line":5,"column":19}},"loc":{"start":{"line":5,"column":31},"end":{"line":7,"column":1}},"line":5},"2":{"name":"formatNumber","decl":{"start":{"line":9,"column":9},"end":{"line":9,"column":21}},"loc":{"start":{"line":9,"column":30},"end":{"line":11,"column":1}},"line":9},"3":{"name":"updateSavingsRatio","decl":{"start":{"line":13,"column":9},"end":{"line":13,"column":27}},"loc":{"start":{"line":13,"column":30},"end":{"line":24,"column":1}},"line":13},"4":{"name":"updateReturnsRatio","decl":{"start":{"line":26,"column":9},"end":{"line":26,"column":27}},"loc":{"start":{"line":26,"column":30},"end":{"line":28,"column":1}},"line":26},"5":{"name":"updateMonthlyRevenue","decl":{"start":{"line":30,"column":9},"end":{"line":30,"column":29}},"loc":{"start":{"line":30,"column":32},"end":{"line":37,"column":1}},"line":30},"6":{"name":"updateCurrency","decl":{"start":{"line":39,"column":9},"end":{"line":39,"column":23}},"loc":{"start":{"line":39,"column":26},"end":{"line":44,"column":1}},"line":39},"7":{"name":"(anonymous_7)","decl":{"start":{"line":41,"column":54},"end":{"line":41,"column":55}},"loc":{"start":{"line":41,"column":60},"end":{"line":43,"column":3}},"line":41},"8":{"name":"updateFIMethod","decl":{"start":{"line":46,"column":9},"end":{"line":46,"column":23}},"loc":{"start":{"line":46,"column":26},"end":{"line":51,"column":1}},"line":46},"9":{"name":"updateYearlySpending","decl":{"start":{"line":53,"column":9},"end":{"line":53,"column":29}},"loc":{"start":{"line":53,"column":46},"end":{"line":55,"column":1}},"line":53},"10":{"name":"updateDesiredNetworth","decl":{"start":{"line":57,"column":9},"end":{"line":57,"column":30}},"loc":{"start":{"line":57,"column":33},"end":{"line":63,"column":1}},"line":57},"11":{"name":"updateSWR","decl":{"start":{"line":64,"column":9},"end":{"line":64,"column":18}},"loc":{"start":{"line":64,"column":22},"end":{"line":87,"column":1}},"line":64},"12":{"name":"calculateFI","decl":{"start":{"line":88,"column":9},"end":{"line":88,"column":20}},"loc":{"start":{"line":88,"column":23},"end":{"line":151,"column":1}},"line":88}},"branchMap":{"0":{"loc":{"start":{"line":68,"column":1},"end":{"line":74,"column":2}},"type":"if","locations":[{"start":{"line":68,"column":1},"end":{"line":74,"column":2}},{"start":{"line":71,"column":8},"end":{"line":74,"column":2}}],"line":68},"1":{"loc":{"start":{"line":75,"column":1},"end":{"line":81,"column":2}},"type":"if","locations":[{"start":{"line":75,"column":1},"end":{"line":81,"column":2}},{"start":{"line":78,"column":8},"end":{"line":81,"column":2}}],"line":75},"2":{"loc":{"start":{"line":82,"column":1},"end":{"line":85,"column":2}},"type":"if","locations":[{"start":{"line":82,"column":1},"end":{"line":85,"column":2}},{"start":{},"end":{}}],"line":82},"3":{"loc":{"start":{"line":82,"column":5},"end":{"line":82,"column":38}},"type":"binary-expr","locations":[{"start":{"line":82,"column":5},"end":{"line":82,"column":25}},{"start":{"line":82,"column":29},"end":{"line":82,"column":38}}],"line":82},"4":{"loc":{"start":{"line":92,"column":20},"end":{"line":92,"column":77}},"type":"binary-expr","locations":[{"start":{"line":92,"column":20},"end":{"line":92,"column":72}},{"start":{"line":92,"column":76},"end":{"line":92,"column":77}}],"line":92},"5":{"loc":{"start":{"line":95,"column":8},"end":{"line":95,"column":63}},"type":"binary-expr","locations":[{"start":{"line":95,"column":8},"end":{"line":95,"column":57}},{"start":{"line":95,"column":61},"end":{"line":95,"column":63}}],"line":95},"6":{"loc":{"start":{"line":96,"column":21},"end":{"line":96,"column":73}},"type":"binary-expr","locations":[{"start":{"line":96,"column":21},"end":{"line":96,"column":68}},{"start":{"line":96,"column":72},"end":{"line":96,"column":73}}],"line":96},"7":{"loc":{"start":{"line":97,"column":20},"end":{"line":97,"column":88}},"type":"binary-expr","locations":[{"start":{"line":97,"column":20},"end":{"line":97,"column":82}},{"start":{"line":97,"column":86},"end":{"line":97,"column":88}}],"line":97},"8":{"loc":{"start":{"line":103,"column":1},"end":{"line":149,"column":2}},"type":"if","locations":[{"start":{"line":103,"column":1},"end":{"line":149,"column":2}},{"start":{"line":105,"column":8},"end":{"line":149,"column":2}}],"line":103},"9":{"loc":{"start":{"line":105,"column":8},"end":{"line":149,"column":2}},"type":"if","locations":[{"start":{"line":105,"column":8},"end":{"line":149,"column":2}},{"start":{"line":107,"column":8},"end":{"line":149,"column":2}}],"line":105},"10":{"loc":{"start":{"line":107,"column":8},"end":{"line":149,"column":2}},"type":"if","locations":[{"start":{"line":107,"column":8},"end":{"line":149,"column":2}},{"start":{"line":112,"column":8},"end":{"line":149,"column":2}}],"line":107},"11":{"loc":{"start":{"line":117,"column":25},"end":{"line":117,"column":48}},"type":"binary-expr","locations":[{"start":{"line":117,"column":25},"end":{"line":117,"column":43}},{"start":{"line":117,"column":47},"end":{"line":117,"column":48}}],"line":117},"12":{"loc":{"start":{"line":129,"column":3},"end":{"line":137,"column":4}},"type":"if","locations":[{"start":{"line":129,"column":3},"end":{"line":137,"column":4}},{"start":{"line":132,"column":8},"end":{"line":137,"column":4}}],"line":129},"13":{"loc":{"start":{"line":129,"column":7},"end":{"line":129,"column":49}},"type":"binary-expr","locations":[{"start":{"line":129,"column":7},"end":{"line":129,"column":28}},{"start":{"line":129,"column":32},"end":{"line":129,"column":49}}],"line":129},"14":{"loc":{"start":{"line":141,"column":21},"end":{"line":141,"column":41}},"type":"binary-expr","locations":[{"start":{"line":141,"column":21},"end":{"line":141,"column":34}},{"start":{"line":141,"column":38},"end":{"line":141,"column":41}}],"line":141},"15":{"loc":{"start":{"line":142,"column":21},"end":{"line":142,"column":91}},"type":"cond-expr","locations":[{"start":{"line":142,"column":55},"end":{"line":142,"column":85}},{"start":{"line":142,"column":88},"end":{"line":142,"column":91}}],"line":142},"16":{"loc":{"start":{"line":142,"column":21},"end":{"line":142,"column":52}},"type":"binary-expr","locations":[{"start":{"line":142,"column":21},"end":{"line":142,"column":35}},{"start":{"line":142,"column":39},"end":{"line":142,"column":52}}],"line":142},"17":{"loc":{"start":{"line":144,"column":3},"end":{"line":146,"column":4}},"type":"if","locations":[{"start":{"line":144,"column":3},"end":{"line":146,"column":4}},{"start":{},"end":{}}],"line":144},"18":{"loc":{"start":{"line":152,"column":0},"end":{"line":154,"column":1}},"type":"if","locations":[{"start":{"line":152,"column":0},"end":{"line":154,"column":1}},{"start":{},"end":{}}],"line":152},"19":{"loc":{"start":{"line":156,"column":0},"end":{"line":171,"column":1}},"type":"if","locations":[{"start":{"line":156,"column":0},"end":{"line":171,"column":1}},{"start":{},"end":{}}],"line":156}},"s":{"0":15,"1":8,"2":6,"3":1,"4":1,"5":1,"6":1,"7":1,"8":1,"9":1,"10":1,"11":1,"12":1,"13":1,"14":1,"15":1,"16":1,"17":1,"18":1,"19":44,"20":0,"21":0,"22":0,"23":0,"24":1,"25":1,"26":1,"27":1,"28":1,"29":1,"30":0,"31":0,"32":0,"33":0,"34":0,"35":0,"36":0,"37":0,"38":0,"39":0,"40":0,"41":0,"42":0,"43":0,"44":0,"45":0,"46":4,"47":4,"48":4,"49":0,"50":4,"51":0,"52":4,"53":0,"54":4,"55":0,"56":0,"57":0,"58":4,"59":4,"60":4,"61":4,"62":84,"63":84,"64":84,"65":84,"66":84,"67":84,"68":84,"69":84,"70":84,"71":84,"72":84,"73":0,"74":84,"75":1224,"76":1224,"77":84,"78":84,"79":84,"80":84,"81":84,"82":84,"83":4,"84":84,"85":2,"86":2,"87":2,"88":2},"f":{"0":15,"1":8,"2":6,"3":1,"4":1,"5":1,"6":1,"7":44,"8":0,"9":1,"10":1,"11":0,"12":4},"b":{"0":[0,0],"1":[0,0],"2":[0,0],"3":[0,0],"4":[4,0],"5":[4,0],"6":[4,0],"7":[4,0],"8":[0,4],"9":[0,4],"10":[0,4],"11":[84,0],"12":[0,84],"13":[84,0],"14":[84,0],"15":[84,0],"16":[84,84],"17":[4,80],"18":[2,0],"19":[2,0]},"_coverageSchema":"1a1c01bbd47fc00a2c39e90264f33305004495a9","hash":"4489dbb22adc0ce0ee741c4cac47dab2d6456fe0"}
,"E:\\Development\\criptomo\\criptomo\\js\\filters.js": {"path":"E:\\Development\\criptomo\\criptomo\\js\\filters.js","statementMap":{"0":{"start":{"line":2,"column":2},"end":{"line":15,"column":5}},"1":{"start":{"line":11,"column":21},"end":{"line":11,"column":55}},"2":{"start":{"line":12,"column":8},"end":{"line":12,"column":58}},"3":{"start":{"line":18,"column":12},"end":{"line":18,"column":34}},"4":{"start":{"line":21,"column":2},"end":{"line":26,"column":5}},"5":{"start":{"line":22,"column":22},"end":{"line":22,"column":49}},"6":{"start":{"line":23,"column":4},"end":{"line":23,"column":48}},"7":{"start":{"line":24,"column":4},"end":{"line":24,"column":43}},"8":{"start":{"line":25,"column":4},"end":{"line":25,"column":74}},"9":{"start":{"line":28,"column":2},"end":{"line":40,"column":5}},"10":{"start":{"line":29,"column":17},"end":{"line":29,"column":73}},"11":{"start":{"line":30,"column":4},"end":{"line":39,"column":7}},"12":{"start":{"line":32,"column":8},"end":{"line":36,"column":9}},"13":{"start":{"line":33,"column":21},"end":{"line":33,"column":72}},"14":{"start":{"line":34,"column":29},"end":{"line":34,"column":84}},"15":{"start":{"line":35,"column":10},"end":{"line":35,"column":45}},"16":{"start":{"line":37,"column":8},"end":{"line":37,"column":21}},"17":{"start":{"line":44,"column":22},"end":{"line":47,"column":1}},"18":{"start":{"line":45,"column":2},"end":{"line":45,"column":51}},"19":{"start":{"line":46,"column":2},"end":{"line":46,"column":39}},"20":{"start":{"line":49,"column":0},"end":{"line":49,"column":23}},"21":{"start":{"line":51,"column":0},"end":{"line":57,"column":1}},"22":{"start":{"line":52,"column":2},"end":{"line":56,"column":4}}},"fnMap":{"0":{"name":"createGrid","decl":{"start":{"line":1,"column":9},"end":{"line":1,"column":19}},"loc":{"start":{"line":1,"column":34},"end":{"line":16,"column":1}},"line":1},"1":{"name":"(anonymous_1)","decl":{"start":{"line":10,"column":14},"end":{"line":10,"column":15}},"loc":{"start":{"line":10,"column":34},"end":{"line":13,"column":7}},"line":10},"2":{"name":"registerFilterEvents","decl":{"start":{"line":20,"column":9},"end":{"line":20,"column":29}},"loc":{"start":{"line":20,"column":32},"end":{"line":41,"column":1}},"line":20},"3":{"name":"(anonymous_3)","decl":{"start":{"line":21,"column":33},"end":{"line":21,"column":34}},"loc":{"start":{"line":21,"column":45},"end":{"line":26,"column":3}},"line":21},"4":{"name":"(anonymous_4)","decl":{"start":{"line":28,"column":44},"end":{"line":28,"column":45}},"loc":{"start":{"line":28,"column":56},"end":{"line":40,"column":3}},"line":28},"5":{"name":"(anonymous_5)","decl":{"start":{"line":31,"column":14},"end":{"line":31,"column":15}},"loc":{"start":{"line":31,"column":26},"end":{"line":38,"column":7}},"line":31},"6":{"name":"(anonymous_6)","decl":{"start":{"line":44,"column":22},"end":{"line":44,"column":23}},"loc":{"start":{"line":44,"column":41},"end":{"line":47,"column":1}},"line":44}},"branchMap":{"0":{"loc":{"start":{"line":32,"column":8},"end":{"line":36,"column":9}},"type":"if","locations":[{"start":{"line":32,"column":8},"end":{"line":36,"column":9}},{"start":{},"end":{}}],"line":32},"1":{"loc":{"start":{"line":32,"column":12},"end":{"line":32,"column":58}},"type":"binary-expr","locations":[{"start":{"line":32,"column":13},"end":{"line":32,"column":37}},{"start":{"line":32,"column":43},"end":{"line":32,"column":57}}],"line":32},"2":{"loc":{"start":{"line":51,"column":0},"end":{"line":57,"column":1}},"type":"if","locations":[{"start":{"line":51,"column":0},"end":{"line":57,"column":1}},{"start":{},"end":{}}],"line":51}},"s":{"0":1,"1":0,"2":0,"3":1,"4":1,"5":0,"6":0,"7":0,"8":0,"9":1,"10":0,"11":0,"12":0,"13":0,"14":0,"15":0,"16":0,"17":1,"18":1,"19":1,"20":1,"21":1,"22":1},"f":{"0":1,"1":0,"2":1,"3":0,"4":0,"5":0,"6":1},"b":{"0":[0,0],"1":[0,0],"2":[1,0]},"_coverageSchema":"1a1c01bbd47fc00a2c39e90264f33305004495a9","hash":"edbca556e01626cde9d62824b19718dba22cf435"}
,"E:\\Development\\criptomo\\criptomo\\js\\icos.js": {"path":"E:\\Development\\criptomo\\criptomo\\js\\icos.js","statementMap":{"0":{"start":{"line":1,"column":19},"end":{"line":1,"column":21}},"1":{"start":{"line":2,"column":12},"end":{"line":99,"column":2}},"2":{"start":{"line":21,"column":23},"end":{"line":21,"column":25}},"3":{"start":{"line":22,"column":8},"end":{"line":26,"column":9}},"4":{"start":{"line":23,"column":10},"end":{"line":23,"column":76}},"5":{"start":{"line":25,"column":10},"end":{"line":25,"column":50}},"6":{"start":{"line":27,"column":8},"end":{"line":27,"column":102}},"7":{"start":{"line":37,"column":8},"end":{"line":43,"column":9}},"8":{"start":{"line":37,"column":35},"end":{"line":37,"column":72}},"9":{"start":{"line":37,"column":80},"end":{"line":43,"column":9}},"10":{"start":{"line":37,"column":105},"end":{"line":37,"column":124}},"11":{"start":{"line":37,"column":132},"end":{"line":43,"column":9}},"12":{"start":{"line":38,"column":21},"end":{"line":38,"column":30}},"13":{"start":{"line":39,"column":10},"end":{"line":41,"column":11}},"14":{"start":{"line":40,"column":12},"end":{"line":40,"column":117}},"15":{"start":{"line":42,"column":10},"end":{"line":42,"column":154}},"16":{"start":{"line":44,"column":8},"end":{"line":44,"column":27}},"17":{"start":{"line":52,"column":8},"end":{"line":52,"column":62}},"18":{"start":{"line":52,"column":36},"end":{"line":52,"column":60}},"19":{"start":{"line":53,"column":8},"end":{"line":53,"column":117}},"20":{"start":{"line":62,"column":8},"end":{"line":62,"column":50}},"21":{"start":{"line":62,"column":36},"end":{"line":62,"column":48}},"22":{"start":{"line":63,"column":8},"end":{"line":63,"column":56}},"23":{"start":{"line":72,"column":8},"end":{"line":72,"column":50}},"24":{"start":{"line":72,"column":36},"end":{"line":72,"column":48}},"25":{"start":{"line":73,"column":8},"end":{"line":73,"column":57}},"26":{"start":{"line":82,"column":8},"end":{"line":82,"column":62}},"27":{"start":{"line":82,"column":36},"end":{"line":82,"column":60}},"28":{"start":{"line":83,"column":8},"end":{"line":85,"column":9}},"29":{"start":{"line":84,"column":10},"end":{"line":84,"column":123}},"30":{"start":{"line":86,"column":8},"end":{"line":86,"column":121}},"31":{"start":{"line":101,"column":2},"end":{"line":101,"column":27}},"32":{"start":{"line":102,"column":15},"end":{"line":102,"column":102}},"33":{"start":{"line":103,"column":2},"end":{"line":103,"column":20}},"34":{"start":{"line":105,"column":2},"end":{"line":147,"column":7}},"35":{"start":{"line":106,"column":14},"end":{"line":106,"column":15}},"36":{"start":{"line":107,"column":6},"end":{"line":132,"column":9}},"37":{"start":{"line":108,"column":22},"end":{"line":108,"column":25}},"38":{"start":{"line":109,"column":24},"end":{"line":109,"column":43}},"39":{"start":{"line":110,"column":24},"end":{"line":110,"column":28}},"40":{"start":{"line":111,"column":22},"end":{"line":114,"column":9}},"41":{"start":{"line":115,"column":26},"end":{"line":115,"column":29}},"42":{"start":{"line":116,"column":27},"end":{"line":116,"column":30}},"43":{"start":{"line":117,"column":8},"end":{"line":124,"column":9}},"44":{"start":{"line":118,"column":10},"end":{"line":121,"column":11}},"45":{"start":{"line":122,"column":10},"end":{"line":122,"column":66}},"46":{"start":{"line":123,"column":10},"end":{"line":123,"column":68}},"47":{"start":{"line":125,"column":23},"end":{"line":125,"column":43}},"48":{"start":{"line":127,"column":22},"end":{"line":127,"column":123}},"49":{"start":{"line":129,"column":31},"end":{"line":129,"column":117}},"50":{"start":{"line":131,"column":8},"end":{"line":131,"column":44}},"51":{"start":{"line":136,"column":6},"end":{"line":136,"column":20}},"52":{"start":{"line":137,"column":6},"end":{"line":137,"column":37}},"53":{"start":{"line":138,"column":6},"end":{"line":138,"column":19}},"54":{"start":{"line":139,"column":6},"end":{"line":139,"column":29}},"55":{"start":{"line":140,"column":6},"end":{"line":140,"column":32}},"56":{"start":{"line":143,"column":6},"end":{"line":143,"column":29}},"57":{"start":{"line":146,"column":6},"end":{"line":146,"column":32}},"58":{"start":{"line":150,"column":0},"end":{"line":152,"column":3}},"59":{"start":{"line":151,"column":2},"end":{"line":151,"column":37}},"60":{"start":{"line":154,"column":0},"end":{"line":158,"column":3}},"61":{"start":{"line":155,"column":17},"end":{"line":155,"column":57}},"62":{"start":{"line":156,"column":19},"end":{"line":156,"column":48}},"63":{"start":{"line":157,"column":2},"end":{"line":157,"column":38}},"64":{"start":{"line":161,"column":2},"end":{"line":161,"column":23}},"65":{"start":{"line":163,"column":0},"end":{"line":165,"column":3}},"66":{"start":{"line":164,"column":2},"end":{"line":164,"column":17}},"67":{"start":{"line":168,"column":15},"end":{"line":168,"column":17}},"68":{"start":{"line":169,"column":2},"end":{"line":178,"column":3}},"69":{"start":{"line":171,"column":4},"end":{"line":171,"column":31}},"70":{"start":{"line":172,"column":4},"end":{"line":172,"column":10}},"71":{"start":{"line":174,"column":4},"end":{"line":174,"column":25}},"72":{"start":{"line":175,"column":4},"end":{"line":175,"column":10}},"73":{"start":{"line":177,"column":4},"end":{"line":177,"column":55}},"74":{"start":{"line":179,"column":2},"end":{"line":179,"column":16}},"75":{"start":{"line":182,"column":0},"end":{"line":188,"column":1}},"76":{"start":{"line":183,"column":2},"end":{"line":187,"column":4}}},"fnMap":{"0":{"name":"(anonymous_0)","decl":{"start":{"line":20,"column":14},"end":{"line":20,"column":15}},"loc":{"start":{"line":20,"column":49},"end":{"line":28,"column":7}},"line":20},"1":{"name":"(anonymous_1)","decl":{"start":{"line":36,"column":14},"end":{"line":36,"column":15}},"loc":{"start":{"line":36,"column":49},"end":{"line":45,"column":7}},"line":36},"2":{"name":"(anonymous_2)","decl":{"start":{"line":51,"column":14},"end":{"line":51,"column":15}},"loc":{"start":{"line":51,"column":36},"end":{"line":54,"column":7}},"line":51},"3":{"name":"(anonymous_3)","decl":{"start":{"line":61,"column":14},"end":{"line":61,"column":15}},"loc":{"start":{"line":61,"column":48},"end":{"line":64,"column":7}},"line":61},"4":{"name":"(anonymous_4)","decl":{"start":{"line":71,"column":14},"end":{"line":71,"column":15}},"loc":{"start":{"line":71,"column":35},"end":{"line":74,"column":7}},"line":71},"5":{"name":"(anonymous_5)","decl":{"start":{"line":81,"column":14},"end":{"line":81,"column":15}},"loc":{"start":{"line":81,"column":49},"end":{"line":87,"column":7}},"line":81},"6":{"name":"marketcapTableLoad","decl":{"start":{"line":100,"column":9},"end":{"line":100,"column":27}},"loc":{"start":{"line":100,"column":30},"end":{"line":148,"column":1}},"line":100},"7":{"name":"(anonymous_7)","decl":{"start":{"line":105,"column":17},"end":{"line":105,"column":18}},"loc":{"start":{"line":105,"column":39},"end":{"line":133,"column":3}},"line":105},"8":{"name":"(anonymous_8)","decl":{"start":{"line":107,"column":23},"end":{"line":107,"column":24}},"loc":{"start":{"line":107,"column":46},"end":{"line":132,"column":7}},"line":107},"9":{"name":"(anonymous_9)","decl":{"start":{"line":134,"column":13},"end":{"line":134,"column":14}},"loc":{"start":{"line":134,"column":33},"end":{"line":141,"column":5}},"line":134},"10":{"name":"(anonymous_10)","decl":{"start":{"line":142,"column":11},"end":{"line":142,"column":12}},"loc":{"start":{"line":142,"column":30},"end":{"line":144,"column":5}},"line":142},"11":{"name":"(anonymous_11)","decl":{"start":{"line":145,"column":12},"end":{"line":145,"column":13}},"loc":{"start":{"line":145,"column":24},"end":{"line":147,"column":5}},"line":145},"12":{"name":"(anonymous_12)","decl":{"start":{"line":150,"column":36},"end":{"line":150,"column":37}},"loc":{"start":{"line":150,"column":48},"end":{"line":152,"column":1}},"line":150},"13":{"name":"(anonymous_13)","decl":{"start":{"line":154,"column":42},"end":{"line":154,"column":43}},"loc":{"start":{"line":154,"column":54},"end":{"line":158,"column":1}},"line":154},"14":{"name":"initIcosPage","decl":{"start":{"line":160,"column":9},"end":{"line":160,"column":21}},"loc":{"start":{"line":160,"column":24},"end":{"line":162,"column":1}},"line":160},"15":{"name":"(anonymous_15)","decl":{"start":{"line":163,"column":18},"end":{"line":163,"column":19}},"loc":{"start":{"line":163,"column":30},"end":{"line":165,"column":1}},"line":163},"16":{"name":"generateCurrencyValueHtml","decl":{"start":{"line":167,"column":9},"end":{"line":167,"column":34}},"loc":{"start":{"line":167,"column":54},"end":{"line":180,"column":1}},"line":167}},"branchMap":{"0":{"loc":{"start":{"line":22,"column":8},"end":{"line":26,"column":9}},"type":"if","locations":[{"start":{"line":22,"column":8},"end":{"line":26,"column":9}},{"start":{"line":24,"column":15},"end":{"line":26,"column":9}}],"line":22},"1":{"loc":{"start":{"line":22,"column":12},"end":{"line":22,"column":43}},"type":"binary-expr","locations":[{"start":{"line":22,"column":12},"end":{"line":22,"column":23}},{"start":{"line":22,"column":27},"end":{"line":22,"column":43}}],"line":22},"2":{"loc":{"start":{"line":37,"column":8},"end":{"line":43,"column":9}},"type":"if","locations":[{"start":{"line":37,"column":8},"end":{"line":43,"column":9}},{"start":{"line":37,"column":80},"end":{"line":43,"column":9}}],"line":37},"3":{"loc":{"start":{"line":37,"column":80},"end":{"line":43,"column":9}},"type":"if","locations":[{"start":{"line":37,"column":80},"end":{"line":43,"column":9}},{"start":{"line":37,"column":132},"end":{"line":43,"column":9}}],"line":37},"4":{"loc":{"start":{"line":37,"column":132},"end":{"line":43,"column":9}},"type":"if","locations":[{"start":{"line":37,"column":132},"end":{"line":43,"column":9}},{"start":{},"end":{}}],"line":37},"5":{"loc":{"start":{"line":39,"column":10},"end":{"line":41,"column":11}},"type":"if","locations":[{"start":{"line":39,"column":10},"end":{"line":41,"column":11}},{"start":{},"end":{}}],"line":39},"6":{"loc":{"start":{"line":39,"column":14},"end":{"line":39,"column":90}},"type":"binary-expr","locations":[{"start":{"line":39,"column":14},"end":{"line":39,"column":46}},{"start":{"line":39,"column":50},"end":{"line":39,"column":90}}],"line":39},"7":{"loc":{"start":{"line":52,"column":8},"end":{"line":52,"column":62}},"type":"if","locations":[{"start":{"line":52,"column":8},"end":{"line":52,"column":62}},{"start":{},"end":{}}],"line":52},"8":{"loc":{"start":{"line":62,"column":8},"end":{"line":62,"column":50}},"type":"if","locations":[{"start":{"line":62,"column":8},"end":{"line":62,"column":50}},{"start":{},"end":{}}],"line":62},"9":{"loc":{"start":{"line":72,"column":8},"end":{"line":72,"column":50}},"type":"if","locations":[{"start":{"line":72,"column":8},"end":{"line":72,"column":50}},{"start":{},"end":{}}],"line":72},"10":{"loc":{"start":{"line":82,"column":8},"end":{"line":82,"column":62}},"type":"if","locations":[{"start":{"line":82,"column":8},"end":{"line":82,"column":62}},{"start":{},"end":{}}],"line":82},"11":{"loc":{"start":{"line":83,"column":8},"end":{"line":85,"column":9}},"type":"if","locations":[{"start":{"line":83,"column":8},"end":{"line":85,"column":9}},{"start":{},"end":{}}],"line":83},"12":{"loc":{"start":{"line":117,"column":8},"end":{"line":124,"column":9}},"type":"if","locations":[{"start":{"line":117,"column":8},"end":{"line":124,"column":9}},{"start":{},"end":{}}],"line":117},"13":{"loc":{"start":{"line":156,"column":19},"end":{"line":156,"column":48}},"type":"binary-expr","locations":[{"start":{"line":156,"column":19},"end":{"line":156,"column":41}},{"start":{"line":156,"column":45},"end":{"line":156,"column":48}}],"line":156},"14":{"loc":{"start":{"line":169,"column":2},"end":{"line":178,"column":3}},"type":"switch","locations":[{"start":{"line":170,"column":2},"end":{"line":172,"column":10}},{"start":{"line":173,"column":2},"end":{"line":175,"column":10}},{"start":{"line":176,"column":2},"end":{"line":177,"column":55}}],"line":169},"15":{"loc":{"start":{"line":182,"column":0},"end":{"line":188,"column":1}},"type":"if","locations":[{"start":{"line":182,"column":0},"end":{"line":188,"column":1}},{"start":{},"end":{}}],"line":182}},"s":{"0":1,"1":1,"2":0,"3":0,"4":0,"5":0,"6":0,"7":0,"8":0,"9":0,"10":0,"11":0,"12":0,"13":0,"14":0,"15":0,"16":0,"17":0,"18":0,"19":0,"20":0,"21":0,"22":0,"23":0,"24":0,"25":0,"26":0,"27":0,"28":0,"29":0,"30":0,"31":1,"32":1,"33":1,"34":1,"35":1,"36":1,"37":1,"38":1,"39":1,"40":1,"41":1,"42":1,"43":1,"44":1,"45":1,"46":1,"47":1,"48":1,"49":1,"50":1,"51":1,"52":1,"53":1,"54":1,"55":1,"56":0,"57":1,"58":1,"59":0,"60":1,"61":0,"62":0,"63":0,"64":0,"65":1,"66":0,"67":1,"68":1,"69":0,"70":0,"71":1,"72":1,"73":0,"74":1,"75":1,"76":1},"f":{"0":0,"1":0,"2":0,"3":0,"4":0,"5":0,"6":1,"7":1,"8":1,"9":1,"10":0,"11":1,"12":0,"13":0,"14":0,"15":0,"16":1},"b":{"0":[0,0],"1":[0,0],"2":[0,0],"3":[0,0],"4":[0,0],"5":[0,0],"6":[0,0],"7":[0,0],"8":[0,0],"9":[0,0],"10":[0,0],"11":[0,0],"12":[1,0],"13":[0,0],"14":[0,1,0],"15":[1,0]},"_coverageSchema":"1a1c01bbd47fc00a2c39e90264f33305004495a9","hash":"5726e7159e6b04d5f0375888ed0d78aae451eb75"}
,"E:\\Development\\criptomo\\criptomo\\js\\invest.js": {"path":"E:\\Development\\criptomo\\criptomo\\js\\invest.js","statementMap":{"0":{"start":{"line":1,"column":17},"end":{"line":1,"column":19}},"1":{"start":{"line":3,"column":0},"end":{"line":7,"column":1}},"2":{"start":{"line":4,"column":15},"end":{"line":4,"column":39}},"3":{"start":{"line":5,"column":4},"end":{"line":5,"column":40}},"4":{"start":{"line":6,"column":4},"end":{"line":6,"column":16}},"5":{"start":{"line":10,"column":22},"end":{"line":10,"column":44}},"6":{"start":{"line":11,"column":20},"end":{"line":11,"column":52}},"7":{"start":{"line":13,"column":15},"end":{"line":13,"column":38}},"8":{"start":{"line":14,"column":17},"end":{"line":14,"column":56}},"9":{"start":{"line":15,"column":14},"end":{"line":15,"column":37}},"10":{"start":{"line":16,"column":17},"end":{"line":16,"column":52}},"11":{"start":{"line":17,"column":6},"end":{"line":17,"column":35}},"12":{"start":{"line":19,"column":2},"end":{"line":35,"column":7}},"13":{"start":{"line":25,"column":8},"end":{"line":25,"column":66}},"14":{"start":{"line":26,"column":8},"end":{"line":26,"column":64}},"15":{"start":{"line":27,"column":8},"end":{"line":27,"column":65}},"16":{"start":{"line":28,"column":8},"end":{"line":28,"column":68}},"17":{"start":{"line":29,"column":8},"end":{"line":29,"column":60}},"18":{"start":{"line":31,"column":8},"end":{"line":31,"column":28}},"19":{"start":{"line":34,"column":8},"end":{"line":34,"column":46}},"20":{"start":{"line":42,"column":2},"end":{"line":44,"column":3}},"21":{"start":{"line":43,"column":3},"end":{"line":43,"column":74}},"22":{"start":{"line":45,"column":15},"end":{"line":45,"column":55}},"23":{"start":{"line":46,"column":12},"end":{"line":46,"column":13}},"24":{"start":{"line":47,"column":4},"end":{"line":50,"column":3}},"25":{"start":{"line":48,"column":7},"end":{"line":48,"column":39}},"26":{"start":{"line":49,"column":7},"end":{"line":49,"column":11}},"27":{"start":{"line":52,"column":2},"end":{"line":52,"column":71}},"28":{"start":{"line":53,"column":2},"end":{"line":53,"column":23}},"29":{"start":{"line":54,"column":2},"end":{"line":54,"column":25}},"30":{"start":{"line":55,"column":2},"end":{"line":63,"column":4}},"31":{"start":{"line":65,"column":2},"end":{"line":164,"column":7}},"32":{"start":{"line":67,"column":6},"end":{"line":67,"column":30}},"33":{"start":{"line":68,"column":20},"end":{"line":68,"column":22}},"34":{"start":{"line":69,"column":32},"end":{"line":69,"column":34}},"35":{"start":{"line":70,"column":17},"end":{"line":70,"column":42}},"36":{"start":{"line":71,"column":27},"end":{"line":71,"column":59}},"37":{"start":{"line":73,"column":6},"end":{"line":117,"column":7}},"38":{"start":{"line":75,"column":8},"end":{"line":75,"column":47}},"39":{"start":{"line":77,"column":8},"end":{"line":82,"column":10}},"40":{"start":{"line":84,"column":8},"end":{"line":84,"column":105}},"41":{"start":{"line":86,"column":8},"end":{"line":86,"column":57}},"42":{"start":{"line":87,"column":8},"end":{"line":87,"column":58}},"43":{"start":{"line":89,"column":8},"end":{"line":89,"column":45}},"44":{"start":{"line":93,"column":8},"end":{"line":113,"column":9}},"45":{"start":{"line":93,"column":21},"end":{"line":93,"column":22}},"46":{"start":{"line":95,"column":12},"end":{"line":97,"column":13}},"47":{"start":{"line":96,"column":14},"end":{"line":96,"column":53}},"48":{"start":{"line":99,"column":12},"end":{"line":109,"column":13}},"49":{"start":{"line":100,"column":14},"end":{"line":100,"column":30}},"50":{"start":{"line":101,"column":14},"end":{"line":101,"column":140}},"51":{"start":{"line":103,"column":14},"end":{"line":103,"column":94}},"52":{"start":{"line":104,"column":14},"end":{"line":104,"column":100}},"53":{"start":{"line":105,"column":14},"end":{"line":105,"column":54}},"54":{"start":{"line":106,"column":14},"end":{"line":106,"column":46}},"55":{"start":{"line":108,"column":14},"end":{"line":108,"column":51}},"56":{"start":{"line":111,"column":12},"end":{"line":111,"column":61}},"57":{"start":{"line":112,"column":12},"end":{"line":112,"column":62}},"58":{"start":{"line":116,"column":8},"end":{"line":116,"column":28}},"59":{"start":{"line":119,"column":6},"end":{"line":156,"column":9}},"60":{"start":{"line":121,"column":10},"end":{"line":149,"column":11}},"61":{"start":{"line":122,"
[...]
"end":{"line":76,"column":44}},"39":{"start":{"line":85,"column":0},"end":{"line":85,"column":33}},"40":{"start":{"line":87,"column":0},"end":{"line":91,"column":1}},"41":{"start":{"line":88,"column":2},"end":{"line":90,"column":4}}},"fnMap":{"0":{"name":"initImagePopup","decl":{"start":{"line":1,"column":9},"end":{"line":1,"column":23}},"loc":{"start":{"line":1,"column":29},"end":{"line":82,"column":1}},"line":1},"1":{"name":"(anonymous_1)","decl":{"start":{"line":3,"column":39},"end":{"line":3,"column":40}},"loc":{"start":{"line":3,"column":52},"end":{"line":81,"column":5}},"line":3},"2":{"name":"(anonymous_2)","decl":{"start":{"line":38,"column":30},"end":{"line":38,"column":31}},"loc":{"start":{"line":38,"column":40},"end":{"line":41,"column":13}},"line":38},"3":{"name":"(anonymous_3)","decl":{"start":{"line":44,"column":49},"end":{"line":44,"column":50}},"loc":{"start":{"line":44,"column":62},"end":{"line":46,"column":13}},"line":44},"4":{"name":"(anonymous_4)","decl":{"start":{"line":48,"column":54},"end":{"line":48,"column":55}},"loc":{"start":{"line":48,"column":67},"end":{"line":50,"column":13}},"line":48},"5":{"name":"popupImageFunction","decl":{"start":{"line":53,"column":21},"end":{"line":53,"column":39}},"loc":{"start":{"line":53,"column":41},"end":{"line":65,"column":13}},"line":53},"6":{"name":"(anonymous_6)","decl":{"start":{"line":56,"column":27},"end":{"line":56,"column":28}},"loc":{"start":{"line":56,"column":37},"end":{"line":64,"column":17}},"line":56},"7":{"name":"closePopUpImage","decl":{"start":{"line":69,"column":21},"end":{"line":69,"column":36}},"loc":{"start":{"line":69,"column":38},"end":{"line":78,"column":13}},"line":69},"8":{"name":"(anonymous_8)","decl":{"start":{"line":75,"column":27},"end":{"line":75,"column":28}},"loc":{"start":{"line":75,"column":37},"end":{"line":77,"column":17}},"line":75}},"branchMap":{"0":{"loc":{"start":{"line":5,"column":8},"end":{"line":80,"column":9}},"type":"if","locations":[{"start":{"line":5,"column":8},"end":{"line":80,"column":9}},{"start":{"line":6,"column":12},"end":{"line":80,"column":9}}],"line":5},"1":{"loc":{"start":{"line":87,"column":0},"end":{"line":91,"column":1}},"type":"if","locations":[{"start":{"line":87,"column":0},"end":{"line":91,"column":1}},{"start":{},"end":{}}],"line":87}},"s":{"0":1,"1":2,"2":1,"3":1,"4":1,"5":1,"6":1,"7":1,"8":1,"9":1,"10":1,"11":1,"12":1,"13":1,"14":1,"15":1,"16":1,"17":1,"18":1,"19":1,"20":0,"21":0,"22":1,"23":0,"24":1,"25":1,"26":1,"27":1,"28":1,"29":1,"30":1,"31":1,"32":1,"33":1,"34":1,"35":1,"36":1,"37":1,"38":1,"39":1,"40":1,"41":1},"f":{"0":1,"1":2,"2":0,"3":0,"4":1,"5":1,"6":1,"7":1,"8":1},"b":{"0":[1,1],"1":[1,0]},"_coverageSchema":"1a1c01bbd47fc00a2c39e90264f33305004495a9","hash":"49db13ea0c8dc7dedf12ffffc71cc6db8a523689"}
,"E:\\Development\\criptomo\\criptomo\\js\\recommendations.js": {"path":"E:\\Development\\criptomo\\criptomo\\js\\recommendations.js","statementMap":{"0":{"start":{"line":2,"column":15},"end":{"line":174,"column":1}},"1":{"start":{"line":176,"column":22},"end":{"line":176,"column":69}},"2":{"start":{"line":177,"column":17},"end":{"line":177,"column":19}},"3":{"start":{"line":179,"column":17},"end":{"line":182,"column":3}},"4":{"start":{"line":181,"column":8},"end":{"line":181,"column":101}},"5":{"start":{"line":183,"column":3},"end":{"line":185,"column":7}},"6":{"start":{"line":184,"column":6},"end":{"line":184,"column":216}},"7":{"start":{"line":186,"column":4},"end":{"line":186,"column":37}},"8":{"start":{"line":187,"column":4},"end":{"line":191,"column":5}},"9":{"start":{"line":188,"column":6},"end":{"line":188,"column":97}},"10":{"start":{"line":190,"column":6},"end":{"line":190,"column":96}},"11":{"start":{"line":194,"column":0},"end":{"line":199,"column":1}},"12":{"start":{"line":195,"column":3},"end":{"line":198,"column":5}}},"fnMap":{"0":{"name":"recommendArticles","decl":{"start":{"line":175,"column":9},"end":{"line":175,"column":26}},"loc":{"start":{"line":175,"column":33},"end":{"line":192,"column":1}},"line":175},"1":{"name":"(anonymous_1)","decl":{"start":{"line":179,"column":33},"end":{"line":179,"column":34}},"loc":{"start":{"line":179,"column":40},"end":{"line":182,"column":2}},"line":179},"2":{"name":"(anonymous_2)","decl":{"start":{"line":183,"column":19},"end":{"line":183,"column":20}},"loc":{"start":{"line":183,"column":36},"end":{"line":185,"column":5}},"line":183}},"branchMap":{"0":{"loc":{"start":{"line":181,"column":16},"end":{"line":181,"column":99}},"type":"binary-expr","locations":[{"start":{"line":181,"column":16},"end":{"line":181,"column":53}},{"start":{"line":181,"column":57},"end":{"line":181,"column":99}}],"line":181},"1":{"loc":{"start":{"line":187,"column":4},"end":{"line":191,"column":5}},"type":"if","locations":[{"start":{"line":187,"column":4},"end":{"line":191,"column":5}},{"start":{"line":189,"column":11},"end":{"line":191,"column":5}}],"line":187},"2":{"loc":{"start":{"line":194,"column":0},"end":{"line":199,"column":1}},"type":"if","locations":[{"start":{"line":194,"column":0},"end":{"line":199,"column":1}},{"start":{},"end":{}}],"line":194}},"s":{"0":1,"1":1,"2":1,"3":1,"4":19,"5":1,"6":1,"7":1,"8":1,"9":1,"10":0,"11":1,"12":1},"f":{"0":1,"1":19,"2":1},"b":{"0":[19,3],"1":[1,0],"2":[1,0]},"_coverageSchema":"1a1c01bbd47fc00a2c39e90264f33305004495a9","hash":"0c2764500b39cb0a2d0f90333552d7c77f2cc5ae"}
,"E:\\Development\\criptomo\\criptomo\\js\\share-calculator-results.js": {"path":"E:\\Development\\criptomo\\criptomo\\js\\share-calculator-results.js","statementMap":{"0":{"start":{"line":2,"column":2},"end":{"line":14,"column":3}},"1":{"start":{"line":3,"column":4},"end":{"line":3,"column":88}},"2":{"start":{"line":4,"column":9},"end":{"line":14,"column":3}},"3":{"start":{"line":5,"column":4},"end":{"line":5,"column":96}},"4":{"start":{"line":6,"column":9},"end":{"line":14,"column":3}},"5":{"start":{"line":7,"column":4},"end":{"line":7,"column":98}},"6":{"start":{"line":8,"column":9},"end":{"line":14,"column":3}},"7":{"start":{"line":9,"column":4},"end":{"line":9,"column":76}},"8":{"start":{"line":10,"column":9},"end":{"line":14,"column":3}},"9":{"start":{"line":11,"column":4},"end":{"line":11,"column":95}},"10":{"start":{"line":12,"column":9},"end":{"line":14,"column":3}},"11":{"start":{"line":13,"column":4},"end":{"line":13,"column":76}},"12":{"start":{"line":16,"column":2},"end":{"line":16,"column":12}},"13":{"start":{"line":20,"column":14},"end":{"line":20,"column":54}},"14":{"start":{"line":21,"column":15},"end":{"line":21,"column":97}},"15":{"start":{"line":22,"column":17},"end":{"line":22,"column":47}},"16":{"start":{"line":23,"column":2},"end":{"line":23,"column":59}},"17":{"start":{"line":24,"column":2},"end":{"line":24,"column":15}},"18":{"start":{"line":27,"column":0},"end":{"line":32,"column":1}},"19":{"start":{"line":28,"column":2},"end":{"line":31,"column":4}}},"fnMap":{"0":{"name":"getShareUrl","decl":{"start":{"line":1,"column":9},"end":{"line":1,"column":20}},"loc":{"start":{"line":1,"column":44},"end":{"line":17,"column":1}},"line":1},"1":{"name":"shareOnSocial","decl":{"start":{"line":19,"column":9},"end":{"line":19,"column":22}},"loc":{"start":{"line":19,"column":31},"end":{"line":25,"column":1}},"line":19}},"branchMap":{"0":{"loc":{"start":{"line":2,"column":2},"end":{"line":14,"column":3}},"type":"if","locations":[{"start":{"line":2,"column":2},"end":{"line":14,"column":3}},{"start":{"line":4,"column":9},"end":{"line":14,"column":3}}],"line":2},"1":{"loc":{"start":{"line":4,"column":9},"end":{"line":14,"column":3}},"type":"if","locations":[{"start":{"line":4,"column":9},"end":{"line":14,"column":3}},{"start":{"line":6,"column":9},"end":{"line":14,"column":3}}],"line":4},"2":{"loc":{"start":{"line":6,"column":9},"end":{"line":14,"column":3}},"type":"if","locations":[{"start":{"line":6,"column":9},"end":{"line":14,"column":3}},{"start":{"line":8,"column":9},"end":{"line":14,"column":3}}],"line":6},"3":{"loc":{"start":{"line":8,"column":9},"end":{"line":14,"column":3}},"type":"if","locations":[{"start":{"line":8,"column":9},"end":{"line":14,"column":3}},{"start":{"line":10,"column":9},"end":{"line":14,"column":3}}],"line":8},"4":{"loc":{"start":{"line":10,"column":9},"end":{"line":14,"column":3}},"type":"if","locations":[{"start":{"line":10,"column":9},"end":{"line":14,"column":3}},{"start":{"line":12,"column":9},"end":{"line":14,"column":3}}],"line":10},"5":{"loc":{"start":{"line":12,"column":9},"end":{"line":14,"column":3}},"type":"if","locations":[{"start":{"line":12,"column":9},"end":{"line":14,"column":3}},{"start":{},"end":{}}],"line":12},"6":{"loc":{"start":{"line":27,"column":0},"end":{"line":32,"column":1}},"type":"if","locations":[{"start":{"line":27,"column":0},"end":{"line":32,"column":1}},{"start":{},"end":{}}],"line":27}},"s":{"0":2,"1":0,"2":2,"3":1,"4":1,"5":0,"6":1,"7":1,"8":0,"9":0,"10":0,"11":0,"12":0,"13":1,"14":1,"15":1,"16":1,"17":1,"18":1,"19":1},"f":{"0":2,"1":1},"b":{"0":[0,2],"1":[1,1],"2":[0,1],"3":[1,0],"4":[0,0],"5":[0,0],"6":[1,0]},"_coverageSchema":"1a1c01bbd47fc00a2c39e90264f33305004495a9","hash":"164a4288197f5139594af37dabb113f11fc55b9c"}
,"E:\\Development\\criptomo\\criptomo\\js\\tags.js": {"path":"E:\\Development\\criptomo\\criptomo\\js\\tags.js","statementMap":{"0":{"start":{"line":1,"column":0},"end":{"line":3,"column":3}},"1":{"start":{"line":2,"column":2},"end":{"line":2,"column":21}},"2":{"start":{"line":5,"column":23},"end":{"line":15,"column":1}},"3":{"start":{"line":6,"column":2},"end":{"line":14,"column":3}},"4":{"start":{"line":7,"column":14},"end":{"line":7,"column":51}},"5":{"start":{"line":8,"column":4},"end":{"line":8,"column":21}},"6":{"start":{"line":9,"column":4},"end":{"line":9,"column":28}},"7":{"start":{"line":10,"column":4},"end":{"line":10,"column":58}},"8":{"start":{"line":11,"column":4},"end":{"line":11,"column":49}},"9":{"start":{"line":13,"column":4},"end":{"line":13,"column":53}},"10":{"start":{"line":17,"column":0},"end":{"line":17,"column":19}},"11":{"start":{"line":19,"column":0},"end":{"line":23,"column":1}},"12":{"start":{"line":20,"column":2},"end":{"line":22,"column":4}}},"fnMap":{"0":{"name":"(anonymous_0)","decl":{"start":{"line":1,"column":27},"end":{"line":1,"column":28}},"loc":{"start":{"line":1,"column":39},"end":{"line":3,"column":1}},"line":1},"1":{"name":"(anonymous_1)","decl":{"start":{"line":5,"column":23},"end":{"line":5,"column":24}},"loc":{"start":{"line":5,"column":35},"end":{"line":15,"column":1}},"line":5}},"branchMap":{"0":{"loc":{"start":{"line":6,"column":2},"end":{"line":14,"column":3}},"type":"if","locations":[{"start":{"line":6,"column":2},"end":{"line":14,"column":3}},{"start":{"line":12,"column":9},"end":{"line":14,"column":3}}],"line":6},"1":{"loc":{"start":{"line":19,"column":0},"end":{"line":23,"column":1}},"type":"if","locations":[{"start":{"line":19,"column":0},"end":{"line":23,"column":1}},{"start":{},"end":{}}],"line":19}},"s":{"0":1,"1":0,"2":1,"3":2,"4":2,"5":2,"6":2,"7":2,"8":2,"9":0,"10":1,"11":1,"12":1},"f":{"0":0,"1":2},"b":{"0":[2,0],"1":[1,0]},"_coverageSchema":"1a1c01bbd47fc00a2c39e90264f33305004495a9","hash":"c3799068f380a93c99f45e117d292e4f2b27522b"}
,"E:\\Development\\criptomo\\criptomo\\js\\tp.js": {"path":"E:\\Development\\criptomo\\criptomo\\js\\tp.js","statementMap":{"0":{"start":{"line":1,"column":0},"end":{"line":5,"column":2}},"1":{"start":{"line":2,"column":14},"end":{"line":2,"column":19}},"2":{"start":{"line":3,"column":2},"end":{"line":3,"column":2069}},"3":{"start":{"line":3,"column":15},"end":{"line":3,"column":2013}},"4":{"start":{"line":3,"column":2000},"end":{"line":3,"column":2013}},"5":{"start":{"line":4,"column":2},"end":{"line":4,"column":15}},"6":{"start":{"line":9,"column":4},"end":{"line":9,"column":63}},"7":{"start":{"line":10,"column":4},"end":{"line":12,"column":5}},"8":{"start":{"line":11,"column":8},"end":{"line":11,"column":20}},"9":{"start":{"line":14,"column":0},"end":{"line":14,"column":10}},"10":{"start":{"line":16,"column":29},"end":{"line":16,"column":34}},"11":{"start":{"line":18,"column":21},"end":{"line":27,"column":1}},"12":{"start":{"line":19,"column":4},"end":{"line":26,"column":20}},"13":{"start":{"line":29,"column":13},"end":{"line":31,"column":1}},"14":{"start":{"line":30,"column":4},"end":{"line":30,"column":54}},"15":{"start":{"line":33,"column":4},"end":{"line":84,"column":5}},"16":{"start":{"line":34,"column":8},"end":{"line":58,"column":18}},"17":{"start":{"line":35,"column":32},"end":{"line":35,"column":67}},"18":{"start":{"line":37,"column":12},"end":{"line":57,"column":13}},"19":{"start":{"line":37,"column":25},"end":{"line":37,"column":26}},"20":{"start":{"line":38,"column":30},"end":{"line":38,"column":41}},"21":{"start":{"line":39,"column":16},"end":{"line":56,"column":17}},"22":{"start":{"line":41,"column":20},"end":{"line":46,"column":21}},"23":{"start":{"line":42,"column":24},"end":{"line":42,"column":54}},"24":{"start":{"line":43,"column":44},"end":{"line":43,"column":76}},"25":{"start":{"line":44,"column":24},"end":{"line":44,"column":109}},"26":{"start":{"line":45,"column":24},"end":{"line":45,"column":65}},"27":{"start":{"line":48,"column":20},"end":{"line":55,"column":21}},"28":{"start":{"line":49,"column":24},"end":{"line":49,"column":65}},"29":{"start":{"line":50,"column":24},"end":{"line":50,"column":64}},"30":{"start":{"line":51,"column":24},"end":{"line":51,"column":68}},"31":{"start":{"line":52,"column":24},"end":{"line":52,"column":33}},"32":{"start":{"line":54,"column":24},"end":{"line":54,"column":83}},"33":{"start":{"line":61,"column":8},"end":{"line":61,"column":38}},"34":{"start":{"line":62,"column":28},"end":{"line":62,"column":60}},"35":{"start":{"line":63,"column":8},"end":{"line":63,"column":93}},"36":{"start":{"line":64,"column":8},"end":{"line":64,"column":49}},"37":{"start":{"line":66,"column":8},"end":{"line":69,"column":11}},"38":{"start":{"line":71,"column":8},"end":{"line":83,"column":9}},"39":{"start":{"line":71,"column":21},"end":{"line":71,"column":22}},"40":{"start":{"line":72,"column":12},"end":{"line":72,"column":18}},"41":{"start":{"line":73,"column":26},"end":{"line":73,"column":37}},"42":{"start":{"line":75,"column":12},"end":{"line":82,"column":13}},"43":{"start":{"line":76,"column":16},"end":{"line":76,"column":57}},"44":{"start":{"line":77,"column":16},"end":{"line":77,"column":56}},"45":{"start":{"line":78,"column":16},"end":{"line":78,"column":60}},"46":{"start":{"line":79,"column":16},"end":{"line":79,"column":25}},"47":{"start":{"line":81,"column":16},"end":{"line":81,"column":75}},"48":{"start":{"line":87,"column":0},"end":{"line":87,"column":15}},"49":{"start":{"line":89,"column":0},"end":{"line":96,"column":1}},"50":{"start":{"line":90,"column":4},"end":{"line":95,"column":6}}},"fnMap":{"0":{"name":"(anonymous_0)","decl":{"start":{"line":1,"column":30},"end":{"line":1,"column":31}},"loc":{"start":{"line":1,"column":41},"end":{"line":5,"column":1}},"line":1},"1":{"name":"(anonymous_1)","decl":{"start":{"line":3,"column":3},"end":{"line":3,"column":4}},"loc":{"start":{"line":3,"column":14},"end":{"line":3,"column":2014}},"line":3},"2":{"name":"initAds","decl":{"start":{"line":8,"column":9},"end":{"line":8,"column":16}},"loc":{"start":{"line":8,"column":19},"end":{"line":13,"column":1}},"line":8},"3":{"name":"(anonymous_3)","decl":{"start":{"line":18,"column":21},"end":{"line":18,"column":22}},"loc":{"start":{"line":18,"column":40},"end":{"line":27,"column":1}},"line":18},"4":{"name":"(anonymous_4)","decl":{"start":{"line":29,"column":13},"end":{"line":29,"column":14}},"loc":{"start":{"line":29,"column":25},"end":{"line":31,"column":1}},"line":29},"5":{"name":"bootstrapAds","decl":{"start":{"line":32,"column":9},"end":{"line":32,"column":21}},"loc":{"start":{"line":32,"column":24},"end":{"line":85,"column":1}},"line":32},"6":{"name":"(anonymous_6)","decl":{"start":{"line":34,"column":42},"end":{"line":34,"column":43}},"loc":{"start":{"line":34,"column":54},"end":{"line":58,"column":9}},"line":34}},"branchMap":{"0":{"loc":{"start":{"line":3,"column":15},"end":{"line":3,"column":2013}},"type":"if","locations":[{"start":{"line":3,"column":15},"end":{"line":3,"column":2013}},{"start":{},"end":{}}],"line":3},"1":{"loc":{"start":{"line":3,"column":18},"end":{"line":3,"column":1998}},"type":"binary-expr","locations":[{"start":{"line":3,"column":18},"end":{"line":3,"column":367}},{"start":{"line":3,"column":369},"end":{"line":3,"column":1998}}],"line":3},"2":{"loc":{"start":{"line":3,"column":2016},"end":{"line":3,"column":2067}},"type":"binary-expr","locations":[{"start":{"line":3,"column":2016},"end":{"line":3,"column":2035}},{"start":{"line":3,"column":2037},"end":{"line":3,"column":2053}},{"start":{"line":3,"column":2055},"end":{"line":3,"column":2067}}],"line":3},"3":{"loc":{"start":{"line":10,"column":4},"end":{"line":12,"column":5}},"type":"if","locations":[{"start":{"line":10,"column":4},"end":{"line":12,"column":5}},{"start":{},"end":{}}],"line":10},"4":{"loc":{"start":{"line":30,"column":19},"end":{"line":30,"column":43}},"type":"binary-expr","locations":[{"start":{"line":30,"column":19},"end":{"line":30,"column":37}},{"start":{"line":30,"column":41},"end":{"line":30,"column":43}}],"line":30},"5":{"loc":{"start":{"line":33,"column":4},"end":{"line":84,"column":5}},"type":"if","locations":[{"start":{"line":33,"column":4},"end":{"line":84,"column":5}},{"start":{"line":60,"column":9},"end":{"line":84,"column":5}}],"line":33},"6":{"loc":{"start":{"line":39,"column":16},"end":{"line":56,"column":17}},"type":"if","locations":[{"start":{"line":39,"column":16},"end":{"line":56,"column":17}},{"start":{},"end":{}}],"line":39},"7":{"loc":{"start":{"line":41,"column":20},"end":{"line":46,"column":21}},"type":"if","locations":[{"start":{"line":41,"column":20},"end":{"line":46,"column":21}},{"start":{},"end":{}}],"line":41},"8":{"loc":{"start":{"line":48,"column":20},"end":{"line":55,"column":21}},"type":"if","locations":[{"start":{"line":48,"column":20},"end":{"line":55,"column":21}},{"start":{},"end":{}}],"line":48},"9":{"loc":{"start":{"line":48,"column":24},"end":{"line":48,"column":74}},"type":"binary-expr","locations":[{"start":{"line":48,"column":24},"end":{"line":48,"column":42}},{"start":{"line":48,"column":46},"end":{"line":48,"column":53}},{"start":{"line":48,"column":57},"end":{"line":48,"column":74}}],"line":48},"10":{"loc":{"start":{"line":66,"column":23},"end":{"line":66,"column":47}},"type":"binary-expr","locations":[{"start":{"line":66,"column":23},"end":{"line":66,"column":41}},{"start":{"line":66,"column":45},"end":{"line":66,"column":47}}],"line":66},"11":{"loc":{"start":{"line":75,"column":12},"end":{"line":82,"column":13}},"type":"if","locations":[{"start":{"line":75,"column":12},"end":{"line":82,"column":13}},{"start":{},"end":{}}],"line":75},"12":{"loc":{"start":{"line":75,"column":16},"end":{"line":75,"column":66}},"type":"binary-expr","locations":[{"start":{"line":75,"column":16},"end":{"line":75,"column":34}},{"start":{"line":75,"column":38},"end":{"line":75,"column":45}},{"start":{"line":75,"column":49},"end":{"line":75,"column":66}}],"line":75},"13":{"loc":{"start":{"line":89,"column":0},"end":{"line":96,"column":1}},"type":"if","locations":[{"start":{"line":89,"column":0},"end":{"line":96,"column":1}},{"start":{},"end":{}}],"line":89}},"s":{"0":1,"1":1,"2":1,"3":1,"4":0,"5":1,"6":1,"7":1,"8":0,"9":1,"10":1,"11":1,"12":2,"13":1,"14":1,"15":1,"16":0,"17":0,"18":0,"19":0,"20":0,"21":0,"22":0,"23":0,"24":0,"25":0,"26":0,"27":0,"28":0,"29":0,"30":0,"31":0,"32":0,"33":1,"34":1,"35":1,"36":1,"37":1,"38":1,"39":1,"40":1,"41":1,"42":1,"43":1,"44":1,"45":1,"46":1,"47":1,"48":1,"49":1,"50":1},"f":{"0":1,"1":1,"2":1,"3":2,"4":1,"5":1,"6":0},"b":{"0":[0,1],"1":[1,1],"2":[1,0,0],"3":[0,1],"4":[1,0],"5":[0,1],"6":[0,0],"7":[0,0],"8":[0,0],"9":[0,0,0],"10":[1,1],"11":[1,0],"12":[1,1,1],"13":[1,0]},"_coverageSchema":"1a1c01bbd47fc00a2c39e90264f33305004495a9","hash":"3d55b1432199fb06d4caae61ed63ee4cbcd8849e"}
}
