TN:
SF:js\calculator-common.js
FN:1,syncEditableCoinInput
FN:7,handleInvestCurrencyChange
FN:23,initCalculatorCommon
FN:32,handleError
FN:50,updateInputMinDate
FNF:5
FNH:5
FNDA:1,syncEditableCoinInput
FNDA:1,handleInvestCurrencyChange
FNDA:3,initCalculatorCommon
FNDA:2,handleError
FNDA:1,updateInputMinDate
DA:2,1
DA:3,1
DA:4,1
DA:8,1
DA:9,1
DA:10,1
DA:12,1
DA:13,1
DA:14,1
DA:15,1
DA:17,0
DA:18,0
DA:19,0
DA:24,3
DA:25,3
DA:26,3
DA:33,2
DA:34,1
DA:35,1
DA:37,1
DA:38,1
DA:39,1
DA:40,1
DA:41,1
DA:42,1
DA:45,2
DA:51,1
DA:52,1
DA:53,1
DA:54,1
DA:56,1
DA:57,1
DA:58,1
DA:59,1
DA:63,3
DA:65,3
DA:66,3
LF:37
LH:34
BRDA:12,0,0,1
BRDA:12,0,1,0
BRDA:25,1,0,3
BRDA:25,1,1,0
BRDA:33,2,0,1
BRDA:33,2,1,1
BRDA:39,3,0,1
BRDA:39,3,1,0
BRDA:53,4,0,1
BRDA:53,4,1,0
BRDA:58,5,0,1
BRDA:58,5,1,0
BRDA:65,6,0,3
BRDA:65,6,1,0
BRF:14
BRH:8
end_of_record
TN:
SF:js\calculator.js
FN:3,preFill
FN:45,calculateEarnings
FN:69,(anonymous_2)
FN:70,(anonymous_3)
FN:88,(anonymous_4)
FN:89,(anonymous_5)
FN:100,(anonymous_6)
FN:106,(anonymous_7)
FN:113,modifyAllClassElementsText
FN:121,modifyAllClassElementsClassName
FN:130,paintResults
FN:166,loading
FN:181,initializeCalculatorExamples
FN:186,(anonymous_13)
FN:198,(anonymous_14)
FN:207,init
FNF:16
FNH:11
FNDA:0,preFill
FNDA:1,calculateEarnings
FNDA:1,(anonymous_2)
FNDA:1,(anonymous_3)
FNDA:1,(anonymous_4)
FNDA:1,(anonymous_5)
FNDA:0,(anonymous_6)
FNDA:0,(anonymous_7)
FNDA:8,modifyAllClassElementsText
FNDA:1,modifyAllClassElementsClassName
FNDA:1,paintResults
FNDA:2,loading
FNDA:1,initializeCalculatorExamples
FNDA:0,(anonymous_13)
FNDA:0,(anonymous_14)
FNDA:1,init
DA:1,1
DA:4,0
DA:5,0
DA:7,0
DA:8,0
DA:9,0
DA:10,0
DA:12,0
DA:17,0
DA:24,0
DA:26,0
DA:27,0
DA:28,0
DA:29,0
DA:30,0
DA:31,0
DA:33,0
DA:34,0
DA:36,0
DA:38,0
DA:41,0
DA:46,1
DA:54,1
DA:55,1
DA:56,1
DA:57,1
DA:58,1
DA:60,1
DA:61,1
DA:62,1
DA:63,1
DA:64,2
DA:65,2
DA:68,1
DA:69,1
DA:71,1
DA:87,1
DA:88,1
DA:90,1
DA:91,1
DA:92,1
DA:93,0
DA:94,0
DA:96,0
DA:98,1
DA:101,0
DA:102,0
DA:107,0
DA:110,0
DA:114,8
DA:115,8
DA:116,8
DA:117,8
DA:118,8
DA:122,1
DA:123,1
DA:124,1
DA:125,1
DA:126,1
DA:131,1
DA:132,1
DA:133,1
DA:134,1
DA:135,1
DA:136,1
DA:137,1
DA:138,1
DA:139,1
DA:140,1
DA:142,1
DA:143,1
DA:144,1
DA:145,1
DA:147,0
DA:149,1
DA:150,1
DA:152,1
DA:157,1
DA:158,1
DA:160,1
DA:161,1
DA:167,2
DA:168,1
DA:169,1
DA:171,1
DA:172,1
DA:173,1
DA:174,1
DA:175,1
DA:182,1
DA:185,1
DA:186,1
DA:187,0
DA:188,0
DA:189,0
DA:190,0
DA:195,1
DA:197,1
DA:198,1
DA:199,0
DA:200,0
DA:201,0
DA:208,1
DA:209,1
DA:210,0
DA:212,1
DA:213,1
DA:214,1
DA:215,0
DA:219,1
DA:221,1
DA:222,1
LF:112
LH:75
BRDA:12,0,0,0
BRDA:12,0,1,0
BRDA:13,1,0,0
BRDA:13,1,1,0
BRDA:13,1,2,0
BRDA:13,1,3,0
BRDA:17,2,0,0
BRDA:17,2,1,0
BRDA:17,3,0,0
BRDA:17,3,1,0
BRDA:17,3,2,0
BRDA:17,3,3,0
BRDA:17,3,4,0
BRDA:17,3,5,0
BRDA:17,3,6,0
BRDA:54,4,0,1
BRDA:54,4,1,0
BRDA:60,5,0,0
BRDA:60,5,1,1
BRDA:90,6,0,1
BRDA:90,6,1,0
BRDA:90,7,0,1
BRDA:90,7,1,1
BRDA:93,8,0,0
BRDA:93,8,1,0
BRDA:144,9,0,1
BRDA:144,9,1,0
BRDA:160,10,0,1
BRDA:160,10,1,0
BRDA:167,11,0,1
BRDA:167,11,1,1
BRDA:173,12,0,1
BRDA:173,12,1,0
BRDA:189,13,0,0
BRDA:189,13,1,0
BRDA:200,14,0,0
BRDA:200,14,1,0
BRDA:209,15,0,0
BRDA:209,15,1,1
BRDA:214,16,0,0
BRDA:214,16,1,1
BRDA:221,17,0,1
BRDA:221,17,1,0
BRF:43
BRH:13
end_of_record
TN:
SF:js\disqus-loader.js
FN:9,(anonymous_0)
FN:13,(anonymous_1)
FN:26,(anonymous_2)
FN:31,(anonymous_3)
FN:37,(anonymous_4)
FN:44,(anonymous_5)
FN:44,(anonymous_6)
FN:44,(anonymous_7)
FN:54,(anonymous_8)
FN:81,(anonymous_9)
FN:92,(anonymous_10)
FNF:11
FNH:7
FNDA:1,(anonymous_0)
FNDA:1,(anonymous_1)
FNDA:1,(anonymous_2)
FNDA:1,(anonymous_3)
FNDA:0,(anonymous_4)
FNDA:2,(anonymous_5)
FNDA:0,(anonymous_6)
FNDA:0,(anonymous_7)
FNDA:1,(anonymous_8)
FNDA:0,(anonymous_9)
FNDA:1,(anonymous_10)
DA:9,1
DA:13,1
DA:15,1
DA:16,1
DA:17,4
DA:18,4
DA:20,1
DA:21,1
DA:22,1
DA:24,1
DA:26,1
DA:28,1
DA:29,1
DA:31,1
DA:33,1
DA:34,1
DA:35,1
DA:36,1
DA:37,1
DA:39,0
DA:40,0
DA:42,1
DA:44,2
DA:46,1
DA:47,1
DA:48,1
DA:49,1
DA:51,1
DA:52,1
DA:54,1
DA:56,1
DA:57,0
DA:59,1
DA:60,1
DA:63,1
DA:64,0
DA:66,1
DA:67,1
DA:68,1
DA:69,1
DA:71,1
DA:73,0
DA:77,1
DA:78,1
DA:80,1
DA:81,1
DA:83,0
DA:89,1
DA:90,1
DA:92,1
DA:94,1
DA:103,1
DA:104,1
DA:105,1
DA:106,1
DA:108,1
DA:109,0
DA:110,0
DA:112,1
DA:114,1
DA:118,1
LF:61
LH:53
BRDA:17,0,0,4
BRDA:17,0,1,0
BRDA:21,1,0,1
BRDA:21,1,1,0
BRDA:39,2,0,0
BRDA:39,2,1,0
BRDA:42,3,0,1
BRDA:42,3,1,0
BRDA:44,4,0,0
BRDA:44,4,1,0
BRDA:44,5,0,0
BRDA:44,5,1,0
BRDA:56,6,0,0
BRDA:56,6,1,1
BRDA:56,7,0,1
BRDA:56,7,1,1
BRDA:56,7,2,1
BRDA:63,8,0,0
BRDA:63,8,1,1
BRDA:63,9,0,1
BRDA:63,9,1,1
BRDA:67,10,0,0
BRDA:67,10,1,1
BRDA:71,11,0,0
BRDA:71,11,1,1
BRDA:78,12,0,1
BRDA:78,12,1,0
BRDA:106,13,0,1
BRDA:106,13,1,0
BRDA:108,14,0,1
BRDA:108,14,1,0
BRDA:109,15,0,0
BRDA:109,15,1,0
BRDA:112,16,0,1
BRDA:112,16,1,0
BRF:35
BRH:16
end_of_record
TN:
SF:js\essentials.js
FN:1,(anonymous_0)
FN:3,(anonymous_1)
FN:7,docReady
FN:17,initializeMenuToggle
FN:20,(anonymous_4)
FN:28,(anonymous_5)
FN:33,(anonymous_6)
FN:43,updateProgressBar
FN:55,initializeProgressBar
FN:68,handleNavigationScroll
FN:90,(anonymous_10)
FNF:11
FNH:7
FNDA:0,(anonymous_0)
FNDA:0,(anonymous_1)
FNDA:1,docReady
FNDA:2,initializeMenuToggle
FNDA:1,(anonymous_4)
FNDA:1,(anonymous_5)
FNDA:0,(anonymous_6)
FNDA:1,updateProgressBar
FNDA:2,initializeProgressBar
FNDA:0,handleNavigationScroll
FNDA:1,(anonymous_10)
DA:1,2
DA:2,0
DA:3,0
DA:4,0
DA:9,1
DA:11,1
DA:13,0
DA:18,2
DA:19,2
DA:20,2
DA:21,1
DA:22,1
DA:23,1
DA:24,1
DA:25,1
DA:26,1
DA:27,1
DA:28,1
DA:29,1
DA:32,0
DA:33,0
DA:34,0
DA:45,1
DA:47,1
DA:49,1
DA:50,1
DA:56,2
DA:57,2
DA:66,2
DA:67,2
DA:69,0
DA:70,0
DA:71,0
DA:72,0
DA:73,0
DA:74,0
DA:78,0
DA:79,0
DA:80,0
DA:83,0
DA:86,2
DA:90,2
DA:92,1
DA:96,1
DA:98,1
DA:99,1
DA:101,1
DA:103,1
DA:106,2
DA:107,2
DA:109,2
DA:110,2
LF:52
LH:35
BRDA:3,0,0,0
BRDA:3,0,1,0
BRDA:3,1,0,0
BRDA:3,1,1,0
BRDA:3,2,0,0
BRDA:3,2,1,0
BRDA:3,2,2,0
BRDA:9,3,0,1
BRDA:9,3,1,0
BRDA:9,4,0,1
BRDA:9,4,1,0
BRDA:23,5,0,1
BRDA:23,5,1,0
BRDA:45,6,0,1
BRDA:45,6,1,0
BRDA:47,7,0,1
BRDA:47,7,1,0
BRDA:56,8,0,2
BRDA:56,8,1,0
BRDA:69,9,0,0
BRDA:69,9,1,0
BRDA:69,10,0,0
BRDA:69,10,1,0
BRDA:71,11,0,0
BRDA:71,11,1,0
BRDA:71,12,0,0
BRDA:71,12,1,0
BRDA:73,13,0,0
BRDA:73,13,1,0
BRDA:79,14,0,0
BRDA:79,14,1,0
BRDA:109,15,0,2
BRDA:109,15,1,0
BRF:33
BRH:7
end_of_record
TN:
SF:js\fi.js
FN:1,getElementById
FN:5,updateText
FN:9,formatNumber
FN:13,updateSavingsRatio
FN:26,updateReturnsRatio
FN:30,updateMonthlyRevenue
FN:39,updateCurrency
FN:41,(anonymous_7)
FN:46,updateFIMethod
FN:53,updateYearlySpending
FN:57,updateDesiredNetworth
FN:64,updateSWR
FN:88,calculateFI
FNF:13
FNH:11
FNDA:15,getElementById
FNDA:8,updateText
FNDA:6,formatNumber
FNDA:1,updateSavingsRatio
FNDA:1,updateReturnsRatio
FNDA:1,updateMonthlyRevenue
FNDA:1,updateCurrency
FNDA:44,(anonymous_7)
FNDA:0,updateFIMethod
FNDA:1,updateYearlySpending
FNDA:1,updateDesiredNetworth
FNDA:0,updateSWR
FNDA:4,calculateFI
DA:2,15
DA:6,8
DA:10,6
DA:14,1
DA:15,1
DA:16,1
DA:18,1
DA:19,1
DA:20,1
DA:22,1
DA:23,1
DA:27,1
DA:31,1
DA:32,1
DA:34,1
DA:35,1
DA:36,1
DA:40,1
DA:41,1
DA:42,44
DA:47,0
DA:48,0
DA:49,0
DA:50,0
DA:54,1
DA:58,1
DA:59,1
DA:60,1
DA:61,1
DA:62,1
DA:65,0
DA:66,0
DA:67,0
DA:68,0
DA:69,0
DA:70,0
DA:72,0
DA:73,0
DA:75,0
DA:76,0
DA:77,0
DA:79,0
DA:80,0
DA:82,0
DA:83,0
DA:84,0
DA:90,4
DA:99,4
DA:100,4
DA:101,0
DA:103,4
DA:104,0
DA:105,4
DA:106,0
DA:107,4
DA:108,0
DA:109,0
DA:110,0
DA:113,4
DA:114,4
DA:115,4
DA:116,4
DA:117,84
DA:118,84
DA:119,84
DA:121,84
DA:122,84
DA:123,84
DA:124,84
DA:125,84
DA:126,84
DA:127,84
DA:129,84
DA:130,0
DA:133,84
DA:134,1224
DA:135,1224
DA:138,84
DA:139,84
DA:140,84
DA:141,84
DA:142,84
DA:144,84
DA:145,4
DA:147,84
DA:152,2
DA:153,2
DA:156,2
DA:157,2
LF:89
LH:62
BRDA:68,0,0,0
BRDA:68,0,1,0
BRDA:75,1,0,0
BRDA:75,1,1,0
BRDA:82,2,0,0
BRDA:82,2,1,0
BRDA:82,3,0,0
BRDA:82,3,1,0
BRDA:92,4,0,4
BRDA:92,4,1,0
BRDA:95,5,0,4
BRDA:95,5,1,0
BRDA:96,6,0,4
BRDA:96,6,1,0
BRDA:97,7,0,4
BRDA:97,7,1,0
BRDA:103,8,0,0
BRDA:103,8,1,4
BRDA:105,9,0,0
BRDA:105,9,1,4
BRDA:107,10,0,0
BRDA:107,10,1,4
BRDA:117,11,0,84
BRDA:117,11,1,0
BRDA:129,12,0,0
BRDA:129,12,1,84
BRDA:129,13,0,84
BRDA:129,13,1,0
BRDA:141,14,0,84
BRDA:141,14,1,0
BRDA:142,15,0,84
BRDA:142,15,1,0
BRDA:142,16,0,84
BRDA:142,16,1,84
BRDA:144,17,0,4
BRDA:144,17,1,80
BRDA:152,18,0,2
BRDA:152,18,1,0
BRDA:156,19,0,2
BRDA:156,19,1,0
BRF:40
BRH:18
end_of_record
TN:
SF:js\filters.js
FN:1,createGrid
FN:10,(anonymous_1)
FN:20,registerFilterEvents
FN:21,(anonymous_3)
FN:28,(anonymous_4)
FN:31,(anonymous_5)
FN:44,(anonymous_6)
FNF:7
FNH:3
FNDA:1,createGrid
FNDA:0,(anonymous_1)
FNDA:1,registerFilterEvents
FNDA:0,(anonymous_3)
FNDA:0,(anonymous_4)
FNDA:0,(anonymous_5)
FNDA:1,(anonymous_6)
DA:2,1
DA:11,0
DA:12,0
DA:18,1
DA:21,1
DA:22,0
DA:23,0
DA:24,0
DA:25,0
DA:28,1
DA:29,0
DA:30,0
DA:32,0
DA:33,0
DA:34,0
DA:35,0
DA:37,0
DA:44,1
DA:45,1
DA:46,1
DA:49,1
DA:51,1
DA:52,1
LF:23
LH:10
BRDA:32,0,0,0
BRDA:32,0,1,0
BRDA:32,1,0,0
BRDA:32,1,1,0
BRDA:51,2,0,1
BRDA:51,2,1,0
BRF:6
BRH:1
end_of_record
TN:
SF:js\icos.js
FN:20,(anonymous_0)
FN:36,(anonymous_1)
FN:51,(anonymous_2)
FN:61,(anonymous_3)
FN:71,(anonymous_4)
FN:81,(anonymous_5)
FN:100,marketcapTableLoad
FN:105,(anonymous_7)
FN:107,(anonymous_8)
FN:134,(anonymous_9)
FN:142,(anonymous_10)
FN:145,(anonymous_11)
FN:150,(anonymous_12)
FN:154,(anonymous_13)
FN:160,initIcosPage
FN:163,(anonymous_15)
FN:167,generateCurrencyValueHtml
FNF:17
FNH:6
FNDA:0,(anonymous_0)
FNDA:0,(anonymous_1)
FNDA:0,(anonymous_2)
FNDA:0,(anonymous_3)
FNDA:0,(anonymous_4)
FNDA:0,(anonymous_5)
FNDA:1,marketcapTableLoad
FNDA:1,(anonymous_7)
FNDA:1,(anonymous_8)
FNDA:1,(anonymous_9)
FNDA:0,(anonymous_10)
FNDA:1,(anonymous_11)
FNDA:0,(anonymous_12)
FNDA:0,(anonymous_13)
FNDA:0,initIcosPage
FNDA:0,(anonymous_15)
FNDA:1,generateCurrencyValueHtml
DA:1,1
DA:2,1
DA:21,0
DA:22,0
DA:23,0
DA:25,0
DA:27,0
DA:37,0
DA:38,0
DA:39,0
DA:40,0
DA:42,0
DA:44,0
DA:52,0
DA:53,0
DA:62,0
DA:63,0
DA:72,0
DA:73,0
DA:82,0
DA:83,0
DA:84,0
DA:86,0
DA:101,1
DA:102,1
DA:103,1
DA:105,1
DA:106,1
DA:107,1
DA:108,1
DA:109,1
DA:110,1
DA:111,1
DA:115,1
DA:116,1
DA:117,1
DA:118,1
DA:122,1
DA:123,1
DA:125,1
DA:127,1
DA:129,1
DA:131,1
DA:136,1
DA:137,1
DA:138,1
DA:139,1
DA:140,1
DA:143,0
DA:146,1
DA:150,1
DA:151,0
DA:154,1
DA:155,0
DA:156,0
DA:157,0
DA:161,0
DA:163,1
DA:164,0
DA:168,1
DA:169,1
DA:171,0
DA:172,0
DA:174,1
DA:175,1
DA:177,0
DA:179,1
DA:182,1
DA:183,1
LF:69
LH:38
BRDA:22,0,0,0
BRDA:22,0,1,0
BRDA:22,1,0,0
BRDA:22,1,1,0
BRDA:37,2,0,0
BRDA:37,2,1,0
BRDA:37,3,0,0
BRDA:37,3,1,0
BRDA:37,4,0,0
BRDA:37,4,1,0
BRDA:39,5,0,0
BRDA:39,5,1,0
BRDA:39,6,0,0
BRDA:39,6,1,0
BRDA:52,7,0,0
BRDA:52,7,1,0
BRDA:62,8,0,0
BRDA:62,8,1,0
BRDA:72,9,0,0
BRDA:72,9,1,0
BRDA:82,10,0,0
BRDA:82,10,1,0
BRDA:83,11,0,0
BRDA:83,11,1,0
BRDA:117,12,0,1
BRDA:117,12,1,0
BRDA:156,13,0,0
BRDA:156,13,1,0
BRDA:169,14,0,0
BRDA:169,14,1,1
BRDA:169,14,2,0
BRDA:182,15,0,1
BRDA:182,15,1,0
BRF:33
BRH:3
end_of_record
TN:
SF:js\invest.js
FN:3,(anonymous_0)
FN:9,preFill
FN:40,calculateEarnings
FN:66,(anonymous_3)
FN:120,(anonymous_4)
FN:151,(anonymous_5)
FN:154,(anonymous_6)
FN:158,(anonymous_7)
FN:162,(anonymous_8)
FN:177,(anonymous_9)
FN:188,(anonymous_10)
FN:197,(anonymous_11)
FN:206,(anonymous_12)
FN:215,(anonymous_13)
FN:223,initInvestCalculator
FNF:15
FNH:7
FNDA:115,(anonymous_0)
FNDA:0,preFill
FNDA:1,calculateEarnings
FNDA:1,(anonymous_3)
FNDA:1,(anonymous_4)
FNDA:0,(anonymous_5)
FNDA:1,(anonymous_6)
FNDA:0,(anonymous_7)
FNDA:1,(anonymous_8)
FNDA:0,(anonymous_9)
FNDA:0,(anonymous_10)
FNDA:0,(anonymous_11)
FNDA:0,(anonymous_12)
FNDA:0,(anonymous_13)
FNDA:1,initInvestCalculator
DA:1,1
DA:3,1
DA:4,115
DA:5,115
DA:6,115
DA:10,0
DA:11,0
DA:13,0
DA:14,0
DA:15,0
DA:16,0
DA:17,0
DA:19,0
DA:25,0
DA:26,0
DA:27,0
DA:28,0
DA:29,0
DA:31,0
DA:34,0
DA:42,1
DA:43,0
DA:45,1
DA:46,1
DA:47,1
DA:48,1
DA:49,1
DA:52,1
DA:53,1
DA:54,1
DA:55,1
DA:65,1
DA:67,1
DA:68,1
DA:69,1
DA:70,1
DA:71,1
DA:73,1
DA:75,1
DA:77,1
DA:84,1
DA:86,1
DA:87,1
DA:89,1
DA:93,1
DA:95,114
DA:96,1
DA:99,114
DA:100,114
DA:101,114
DA:103,114
DA:104,114
DA:105,114
DA:106,114
DA:108,114
DA:111,114
DA:112,114
DA:116,0
DA:119,1
DA:121,1
DA:122,1
DA:129,1
DA:131,1
DA:132,1
DA:133,1
DA:134,1
DA:135,1
DA:137,1
DA:138,1
DA:139,1
DA:140,1
DA:141,1
DA:143,1
DA:148,1
DA:152,0
DA:155,1
DA:159,0
DA:160,0
DA:163,1
DA:167,1
DA:178,0
DA:179,0
DA:181,0
DA:189,0
DA:190,0
DA:198,0
DA:199,0
DA:207,0
DA:208,0
DA:216,0
DA:217,0
DA:224,1
DA:225,0
DA:229,1
DA:231,1
DA:232,1
LF:96
LH:64
BRDA:19,0,0,0
BRDA:19,0,1,0
BRDA:20,1,0,0
BRDA:20,1,1,0
BRDA:20,1,2,0
BRDA:20,1,3,0
BRDA:20,1,4,0
BRDA:20,1,5,0
BRDA:20,1,6,0
BRDA:20,1,7,0
BRDA:20,1,8,0
BRDA:20,1,9,0
BRDA:42,2,0,0
BRDA:42,2,1,1
BRDA:73,3,0,1
BRDA:73,3,1,0
BRDA:73,4,0,1
BRDA:73,4,1,1
BRDA:95,5,0,1
BRDA:95,5,1,113
BRDA:99,6,0,114
BRDA:99,6,1,0
BRDA:121,7,0,1
BRDA:121,7,1,0
BRDA:178,8,0,0
BRDA:178,8,1,0
BRDA:178,9,0,0
BRDA:178,9,1,0
BRDA:189,10,0,0
BRDA:189,10,1,0
BRDA:198,11,0,0
BRDA:198,11,1,0
BRDA:207,12,0,0
BRDA:207,12,1,0
BRDA:216,13,0,0
BRDA:216,13,1,0
BRDA:224,14,0,0
BRDA:224,14,1,1
BRDA:231,15,0,1
BRDA:231,15,1,0
BRF:40
BRH:10
end_of_record
TN:
SF:js\lang.js
FN:5,getTableDataLang
FNF:1
FNH:1
FNDA:3,getTableDataLang
DA:1,1
DA:2,1
DA:3,1
DA:6,3
DA:8,3
DA:9,1
DA:26,1
DA:33,1
DA:39,1
DA:45,1
DA:52,1
DA:55,2
DA:56,2
DA:73,2
DA:80,2
DA:86,2
DA:92,2
DA:99,2
DA:104,3
DA:107,1
DA:109,1
DA:110,1
LF:22
LH:22
BRDA:8,0,0,1
BRDA:8,0,1,2
BRDA:55,1,0,2
BRDA:55,1,1,0
BRDA:109,2,0,1
BRDA:109,2,1,0
BRF:6
BRH:4
end_of_record
TN:
SF:js\marketcaps.js
FN:20,(anonymous_0)
FN:42,(anonymous_1)
FN:57,(anonymous_2)
FN:66,(anonymous_3)
FN:109,(anonymous_4)
FN:122,(anonymous_5)
FN:135,(anonymous_6)
FN:157,(anonymous_7)
FN:185,marketcapTableLoad
FN:193,(anonymous_9)
FN:194,(anonymous_10)
FN:229,(anonymous_11)
FN:237,(anonymous_12)
FN:240,(anonymous_13)
FN:245,(anonymous_14)
FN:249,(anonymous_15)
FN:263,(anonymous_16)
FN:269,initMarketcapsPage
FN:280,(anonymous_18)
FN:284,generateCurrencyValueHtml
FN:299,isLocalStorageAvailable
FNF:21
FNH:6
FNDA:0,(anonymous_0)
FNDA:0,(anonymous_1)
FNDA:0,(anonymous_2)
FNDA:0,(anonymous_3)
FNDA:0,(anonymous_4)
FNDA:0,(anonymous_5)
FNDA:0,(anonymous_6)
FNDA:0,(anonymous_7)
FNDA:1,marketcapTableLoad
FNDA:1,(anonymous_9)
FNDA:1,(anonymous_10)
FNDA:1,(anonymous_11)
FNDA:0,(anonymous_12)
FNDA:1,(anonymous_13)
FNDA:0,(anonymous_14)
FNDA:0,(anonymous_15)
FNDA:0,(anonymous_16)
FNDA:0,initMarketcapsPage
FNDA:0,(anonymous_18)
FNDA:1,generateCurrencyValueHtml
FNDA:0,isLocalStorageAvailable
DA:1,1
DA:2,1
DA:3,1
DA:21,0
DA:22,0
DA:23,0
DA:24,0
DA:27,0
DA:31,0
DA:33,0
DA:43,0
DA:44,0
DA:45,0
DA:46,0
DA:48,0
DA:50,0
DA:58,0
DA:67,0
DA:68,0
DA:69,0
DA:70,0
DA:71,0
DA:73,0
DA:74,0
DA:76,0
DA:77,0
DA:79,0
DA:86,0
DA:92,0
DA:93,0
DA:95,0
DA:110,0
DA:111,0
DA:112,0
DA:114,0
DA:123,0
DA:124,0
DA:125,0
DA:127,0
DA:136,0
DA:137,0
DA:138,0
DA:140,0
DA:141,0
DA:142,0
DA:143,0
DA:144,0
DA:145,0
DA:146,0
DA:147,0
DA:149,0
DA:158,0
DA:159,0
DA:160,0
DA:162,0
DA:163,0
DA:164,0
DA:165,0
DA:166,0
DA:167,0
DA:168,0
DA:169,0
DA:171,0
DA:186,1
DA:187,1
DA:188,1
DA:190,1
DA:192,1
DA:193,1
DA:194,1
DA:195,1
DA:196,1
DA:197,1
DA:198,1
DA:199,1
DA:203,1
DA:204,1
DA:205,1
DA:206,1
DA:208,1
DA:209,0
DA:211,1
DA:214,1
DA:220,1
DA:221,1
DA:222,1
DA:223,1
DA:224,1
DA:226,1
DA:231,1
DA:232,1
DA:233,1
DA:234,1
DA:235,1
DA:238,0
DA:241,1
DA:245,1
DA:246,0
DA:249,1
DA:250,0
DA:252,0
DA:253,0
DA:254,0
DA:255,0
DA:257,0
DA:258,0
DA:260,0
DA:263,1
DA:264,0
DA:265,0
DA:266,0
DA:270,0
DA:271,0
DA:272,0
DA:273,0
DA:274,0
DA:277,0
DA:278,0
DA:280,1
DA:281,0
DA:285,1
DA:286,1
DA:288,1
DA:289,1
DA:291,0
DA:292,0
DA:294,0
DA:296,1
DA:300,0
DA:301,0
DA:302,0
DA:303,0
DA:304,0
DA:306,0
DA:310,1
DA:311,1
LF:136
LH:45
BRDA:22,0,0,0
BRDA:22,0,1,0
BRDA:23,1,0,0
BRDA:23,1,1,0
BRDA:43,2,0,0
BRDA:43,2,1,0
BRDA:43,3,0,0
BRDA:43,3,1,0
BRDA:43,4,0,0
BRDA:43,4,1,0
BRDA:45,5,0,0
BRDA:45,5,1,0
BRDA:67,6,0,0
BRDA:67,6,1,0
BRDA:70,7,0,0
BRDA:70,7,1,0
BRDA:70,8,0,0
BRDA:70,8,1,0
BRDA:70,8,2,0
BRDA:76,9,0,0
BRDA:76,9,1,0
BRDA:76,10,0,0
BRDA:76,10,1,0
BRDA:92,11,0,0
BRDA:92,11,1,0
BRDA:110,12,0,0
BRDA:110,12,1,0
BRDA:111,13,0,0
BRDA:111,13,1,0
BRDA:123,14,0,0
BRDA:123,14,1,0
BRDA:124,15,0,0
BRDA:124,15,1,0
BRDA:136,16,0,0
BRDA:136,16,1,0
BRDA:137,17,0,0
BRDA:137,17,1,0
BRDA:142,18,0,0
BRDA:142,18,1,0
BRDA:145,19,0,0
BRDA:145,19,1,0
BRDA:158,20,0,0
BRDA:158,20,1,0
BRDA:159,21,0,0
BRDA:159,21,1,0
BRDA:164,22,0,0
BRDA:164,22,1,0
BRDA:167,23,0,0
BRDA:167,23,1,0
BRDA:208,24,0,0
BRDA:208,24,1,1
BRDA:208,25,0,1
BRDA:208,25,1,0
BRDA:252,26,0,0
BRDA:252,26,1,0
BRDA:254,27,0,0
BRDA:254,27,1,0
BRDA:265,28,0,0
BRDA:265,28,1,0
BRDA:271,29,0,0
BRDA:271,29,1,0
BRDA:273,30,0,0
BRDA:273,30,1,0
BRDA:273,31,0,0
BRDA:273,31,1,0
BRDA:277,32,0,0
BRDA:277,32,1,0
BRDA:286,33,0,1
BRDA:286,33,1,0
BRDA:286,33,2,0
BRDA:310,34,0,1
BRDA:310,34,1,0
BRF:72
BRH:4
end_of_record
TN:
SF:js\post.js
FN:1,initImagePopup
FN:3,(anonymous_1)
FN:38,(anonymous_2)
FN:44,(anonymous_3)
FN:48,(anonymous_4)
FN:53,popupImageFunction
FN:56,(anonymous_6)
FN:69,closePopUpImage
FN:75,(anonymous_8)
FNF:9
FNH:7
FNDA:1,initImagePopup
FNDA:2,(anonymous_1)
FNDA:0,(anonymous_2)
FNDA:0,(anonymous_3)
FNDA:1,(anonymous_4)
FNDA:1,popupImageFunction
FNDA:1,(anonymous_6)
FNDA:1,closePopUpImage
FNDA:1,(anonymous_8)
DA:3,1
DA:5,2
DA:8,1
DA:11,1
DA:12,1
DA:13,1
DA:14,1
DA:15,1
DA:16,1
DA:17,1
DA:20,1
DA:21,1
DA:24,1
DA:25,1
DA:28,1
DA:29,1
DA:30,1
DA:33,1
DA:38,1
DA:39,0
DA:40,0
DA:44,1
DA:45,0
DA:48,1
DA:49,1
DA:56,1
DA:59,1
DA:60,1
DA:61,1
DA:62,1
DA:63,1
DA:70,1
DA:71,1
DA:72,1
DA:73,1
DA:74,1
DA:75,1
DA:76,1
DA:85,1
DA:87,1
DA:88,1
LF:41
LH:38
BRDA:5,0,0,1
BRDA:5,0,1,1
BRDA:87,1,0,1
BRDA:87,1,1,0
BRF:4
BRH:3
end_of_record
TN:
SF:js\recommendations.js
FN:175,recommendArticles
FN:179,(anonymous_1)
FN:183,(anonymous_2)
FNF:3
FNH:3
FNDA:1,recommendArticles
FNDA:19,(anonymous_1)
FNDA:1,(anonymous_2)
DA:2,1
DA:176,1
DA:177,1
DA:179,1
DA:181,19
DA:183,1
DA:184,1
DA:186,1
DA:187,1
DA:188,1
DA:190,0
DA:194,1
DA:195,1
LF:13
LH:12
BRDA:181,0,0,19
BRDA:181,0,1,3
BRDA:187,1,0,1
BRDA:187,1,1,0
BRDA:194,2,0,1
BRDA:194,2,1,0
BRF:6
BRH:4
end_of_record
TN:
SF:js\share-calculator-results.js
FN:1,getShareUrl
FN:19,shareOnSocial
FNF:2
FNH:2
FNDA:2,getShareUrl
FNDA:1,shareOnSocial
DA:2,2
DA:3,0
DA:4,2
DA:5,1
DA:6,1
DA:7,0
DA:8,1
DA:9,1
DA:10,0
DA:11,0
DA:12,0
DA:13,0
DA:16,0
DA:20,1
DA:21,1
DA:22,1
DA:23,1
DA:24,1
DA:27,1
DA:28,1
LF:20
LH:13
BRDA:2,0,0,0
BRDA:2,0,1,2
BRDA:4,1,0,1
BRDA:4,1,1,1
BRDA:6,2,0,0
BRDA:6,2,1,1
BRDA:8,3,0,1
BRDA:8,3,1,0
BRDA:10,4,0,0
BRDA:10,4,1,0
BRDA:12,5,0,0
BRDA:12,5,1,0
BRDA:27,6,0,1
BRDA:27,6,1,0
BRF:14
BRH:6
end_of_record
TN:
SF:js\tags.js
FN:1,(anonymous_0)
FN:5,(anonymous_1)
FNF:2
FNH:1
FNDA:0,(anonymous_0)
FNDA:2,(anonymous_1)
DA:1,1
DA:2,0
DA:5,1
DA:6,2
DA:7,2
DA:8,2
DA:9,2
DA:10,2
DA:11,2
DA:13,0
DA:17,1
DA:19,1
DA:20,1
LF:13
LH:11
BRDA:6,0,0,2
BRDA:6,0,1,0
BRDA:19,1,0,1
BRDA:19,1,1,0
BRF:4
BRH:2
end_of_record
TN:
SF:js\tp.js
FN:1,(anonymous_0)
FN:3,(anonymous_1)
FN:8,initAds
FN:18,(anonymous_3)
FN:29,(anonymous_4)
FN:32,bootstrapAds
FN:34,(anonymous_6)
FNF:7
FNH:6
FNDA:1,(anonymous_0)
FNDA:1,(anonymous_1)
FNDA:1,initAds
FNDA:2,(anonymous_3)
FNDA:1,(anonymous_4)
FNDA:1,bootstrapAds
FNDA:0,(anonymous_6)
DA:1,1
DA:2,1
DA:3,1
DA:4,1
DA:9,1
DA:10,1
DA:11,0
DA:14,1
DA:16,1
DA:18,1
DA:19,2
DA:29,1
DA:30,1
DA:33,1
DA:34,0
DA:35,0
DA:37,0
DA:38,0
DA:39,0
DA:41,0
DA:42,0
DA:43,0
DA:44,0
DA:45,0
DA:48,0
DA:49,0
DA:50,0
DA:51,0
DA:52,0
DA:54,0
DA:61,1
DA:62,1
DA:63,1
DA:64,1
DA:66,1
DA:71,1
DA:72,1
DA:73,1
DA:75,1
DA:76,1
DA:77,1
DA:78,1
DA:79,1
DA:81,1
DA:87,1
DA:89,1
DA:90,1
LF:47
LH:30
BRDA:3,0,0,0
BRDA:3,0,1,1
BRDA:3,1,0,1
BRDA:3,1,1,1
BRDA:3,2,0,1
BRDA:3,2,1,0
BRDA:3,2,2,0
BRDA:10,3,0,0
BRDA:10,3,1,1
BRDA:30,4,0,1
BRDA:30,4,1,0
BRDA:33,5,0,0
BRDA:33,5,1,1
BRDA:39,6,0,0
BRDA:39,6,1,0
BRDA:41,7,0,0
BRDA:41,7,1,0
BRDA:48,8,0,0
BRDA:48,8,1,0
BRDA:48,9,0,0
BRDA:48,9,1,0
BRDA:48,9,2,0
BRDA:66,10,0,1
BRDA:66,10,1,1
BRDA:75,11,0,1
BRDA:75,11,1,0
BRDA:75,12,0,1
BRDA:75,12,1,1
BRDA:75,12,2,1
BRDA:89,13,0,1
BRDA:89,13,1,0
BRF:31
BRH:14
end_of_record
